This is pdfTeX, Version 3.1415926-2.3-1.40.12 (MiKTeX 2.9) (preloaded format=pdflatex 2012.9.12)  2 JUL 2015 16:27
entering extended mode
**thesis.tex
(C:\Users\Karsten\Documents\GitHub\ThesisWriteup\thesis.tex
LaTeX2e <2011/06/27>
Babel <v3.8m> and hyphenation patterns for english, afrikaans, ancientgreek, ar
abic, armenian, assamese, basque, bengali, bokmal, bulgarian, catalan, coptic, 
croatian, czech, danish, dutch, esperanto, estonian, farsi, finnish, french, ga
lician, german, german-x-2009-06-19, greek, gujarati, hindi, hungarian, iceland
ic, indonesian, interlingua, irish, italian, kannada, kurmanji, lao, latin, lat
vian, lithuanian, malayalam, marathi, mongolian, mongolianlmc, monogreek, ngerm
an, ngerman-x-2009-06-19, nynorsk, oriya, panjabi, pinyin, polish, portuguese, 
romanian, russian, sanskrit, serbian, slovak, slovenian, spanish, swedish, swis
sgerman, tamil, telugu, turkish, turkmen, ukenglish, ukrainian, uppersorbian, u
senglishmax, welsh, loaded.
(C:\Users\Karsten\Documents\GitHub\ThesisWriteup\isuthesis.cls
Document Class: isuthesis 2011/02/14 v1.03 (Joe Struss)
Document Class: isuthesis 2011/02/14
("C:\Program Files (x86)\MiKTeX 2.9\tex\latex\base\report.cls"
Document Class: report 2007/10/19 v1.4h Standard LaTeX document class
("C:\Program Files (x86)\MiKTeX 2.9\tex\latex\base\size11.clo"
File: size11.clo 2007/10/19 v1.4h Standard LaTeX file (size option)
)
\c@part=\count79
\c@chapter=\count80
\c@section=\count81
\c@subsection=\count82
\c@subsubsection=\count83
\c@paragraph=\count84
\c@subparagraph=\count85
\c@figure=\count86
\c@table=\count87
\abovecaptionskip=\skip41
\belowcaptionskip=\skip42
\bibindent=\dimen102
)
("C:\Program Files (x86)\MiKTeX 2.9\tex\latex\geometry\geometry.sty"
Package: geometry 2010/09/12 v5.6 Page Geometry

("C:\Program Files (x86)\MiKTeX 2.9\tex\latex\graphics\keyval.sty"
Package: keyval 1999/03/16 v1.13 key=value parser (DPC)
\KV@toks@=\toks14
)
("C:\Program Files (x86)\MiKTeX 2.9\tex\generic\oberdiek\ifpdf.sty"
Package: ifpdf 2011/01/30 v2.3 Provides the ifpdf switch (HO)
Package ifpdf Info: pdfTeX in PDF mode is detected.
)
("C:\Program Files (x86)\MiKTeX 2.9\tex\generic\oberdiek\ifvtex.sty"
Package: ifvtex 2010/03/01 v1.5 Detect VTeX and its facilities (HO)
Package ifvtex Info: VTeX not detected.
)
("C:\Program Files (x86)\MiKTeX 2.9\tex\generic\ifxetex\ifxetex.sty"
Package: ifxetex 2010/09/12 v0.6 Provides ifxetex conditional
)
\Gm@cnth=\count88
\Gm@cntv=\count89
\c@Gm@tempcnt=\count90
\Gm@bindingoffset=\dimen103
\Gm@wd@mp=\dimen104
\Gm@odd@mp=\dimen105
\Gm@even@mp=\dimen106
\Gm@layoutwidth=\dimen107
\Gm@layoutheight=\dimen108
\Gm@layouthoffset=\dimen109
\Gm@layoutvoffset=\dimen110
\Gm@dimlist=\toks15

("C:\Program Files (x86)\MiKTeX 2.9\tex\latex\geometry\geometry.cfg"))
\captionwidth=\dimen111
\@deptnum=\count91
\@majornum=\count92
\@numcomm=\count93
\@signwidth=\dimen112
\signdeptnum=\count94
\signmajornum=\count95
\@linecount=\count96

("C:\Program Files (x86)\MiKTeX 2.9\tex\latex\tocloft\tocloft.sty"
Package: tocloft 2013/05/02 v2.3f parameterised ToC, etc., typesetting
Package tocloft Info: The document has chapter divisions on input line 44.
\cftparskip=\skip43
\cftbeforetoctitleskip=\skip44
\cftaftertoctitleskip=\skip45
\cftbeforepartskip=\skip46
\cftpartnumwidth=\skip47
\cftpartindent=\skip48
\cftbeforechapskip=\skip49
\cftchapindent=\skip50
\cftchapnumwidth=\skip51
\cftbeforesecskip=\skip52
\cftsecindent=\skip53
\cftsecnumwidth=\skip54
\cftbeforesubsecskip=\skip55
\cftsubsecindent=\skip56
\cftsubsecnumwidth=\skip57
\cftbeforesubsubsecskip=\skip58
\cftsubsubsecindent=\skip59
\cftsubsubsecnumwidth=\skip60
\cftbeforeparaskip=\skip61
\cftparaindent=\skip62
\cftparanumwidth=\skip63
\cftbeforesubparaskip=\skip64
\cftsubparaindent=\skip65
\cftsubparanumwidth=\skip66
\cftbeforeloftitleskip=\skip67
\cftafterloftitleskip=\skip68
\cftbeforefigskip=\skip69
\cftfigindent=\skip70
\cftfignumwidth=\skip71
\c@lofdepth=\count97
\c@lotdepth=\count98
\cftbeforelottitleskip=\skip72
\cftafterlottitleskip=\skip73
\cftbeforetabskip=\skip74
\cfttabindent=\skip75
\cfttabnumwidth=\skip76
)
("C:\Program Files (x86)\MiKTeX 2.9\tex\latex\needspace\needspace.sty"
Package: needspace 2010/09/12 v1.3d reserve vertical space
)
\mylenf=\skip77
\mylent=\skip78
\mylenc=\skip79

("C:\Program Files (x86)\MiKTeX 2.9\tex\latex\nowidow\nowidow.sty"
Package: nowidow 2011/09/20 1.0 Easily prevent widows and orphans
Package: nowidow 

("C:\Program Files (x86)\MiKTeX 2.9\tex\latex\oberdiek\kvoptions.sty"
Package: kvoptions 2011/06/30 v3.11 Key value format for package options (HO)

("C:\Program Files (x86)\MiKTeX 2.9\tex\generic\oberdiek\ltxcmds.sty"
Package: ltxcmds 2011/11/09 v1.22 LaTeX kernel commands for general use (HO)
)
("C:\Program Files (x86)\MiKTeX 2.9\tex\generic\oberdiek\kvsetkeys.sty"
Package: kvsetkeys 2012/04/25 v1.16 Key value parser (HO)

("C:\Program Files (x86)\MiKTeX 2.9\tex\generic\oberdiek\infwarerr.sty"
Package: infwarerr 2010/04/08 v1.3 Providing info/warning/error messages (HO)
)
("C:\Program Files (x86)\MiKTeX 2.9\tex\generic\oberdiek\etexcmds.sty"
Package: etexcmds 2011/02/16 v1.5 Avoid name clashes with e-TeX commands (HO)

("C:\Program Files (x86)\MiKTeX 2.9\tex\generic\oberdiek\ifluatex.sty"
Package: ifluatex 2010/03/01 v1.3 Provides the ifluatex switch (HO)
Package ifluatex Info: LuaTeX not detected.
)
Package etexcmds Info: Could not find \expanded.
(etexcmds)             That can mean that you are not using pdfTeX 1.50 or
(etexcmds)             that some package has redefined \expanded.
(etexcmds)             In the latter case, load this package earlier.
)))))
("C:\Program Files (x86)\MiKTeX 2.9\tex\latex\graphics\graphicx.sty"
Package: graphicx 1999/02/16 v1.0f Enhanced LaTeX Graphics (DPC,SPQR)

("C:\Program Files (x86)\MiKTeX 2.9\tex\latex\graphics\graphics.sty"
Package: graphics 2009/02/05 v1.0o Standard LaTeX Graphics (DPC,SPQR)

("C:\Program Files (x86)\MiKTeX 2.9\tex\latex\graphics\trig.sty"
Package: trig 1999/03/16 v1.09 sin cos tan (DPC)
)
("C:\Program Files (x86)\MiKTeX 2.9\tex\latex\00miktex\graphics.cfg"
File: graphics.cfg 2007/01/18 v1.5 graphics configuration of teTeX/TeXLive
)
Package graphics Info: Driver file: pdftex.def on input line 91.

("C:\Program Files (x86)\MiKTeX 2.9\tex\latex\pdftex-def\pdftex.def"
File: pdftex.def 2011/05/27 v0.06d Graphics/color for pdfTeX
\Gread@gobject=\count99
))
\Gin@req@height=\dimen113
\Gin@req@width=\dimen114
)
("C:\Program Files (x86)\MiKTeX 2.9\tex\latex\graphics\color.sty"
Package: color 2005/11/14 v1.0j Standard LaTeX Color (DPC)

("C:\Program Files (x86)\MiKTeX 2.9\tex\latex\00miktex\color.cfg"
File: color.cfg 2007/01/18 v1.5 color configuration of teTeX/TeXLive
)
Package color Info: Driver file: pdftex.def on input line 130.
)
(C:\Users\Karsten\Documents\GitHub\ThesisWriteup\framed.sty
Package: framed 2011/10/22 v 0.96: framed or shaded text with page breaks
\OuterFrameSep=\skip80
\fb@frw=\dimen115
\fb@frh=\dimen116
\FrameRule=\dimen117
\FrameSep=\dimen118
)
("C:\Program Files (x86)\MiKTeX 2.9\tex\latex\base\alltt.sty"
Package: alltt 1997/06/16 v2.0g defines alltt environment
)
("C:\Program Files (x86)\MiKTeX 2.9\tex\latex\wrapfig\wrapfig.sty"
\wrapoverhang=\dimen119
\WF@size=\dimen120
\c@WF@wrappedlines=\count100
\WF@box=\box26
\WF@everypar=\toks16
Package: wrapfig 2003/01/31  v 3.6
)
("C:\Program Files (x86)\MiKTeX 2.9\tex\latex\float\float.sty"
Package: float 2001/11/08 v1.3d Float enhancements (AL)
\c@float@type=\count101
\float@exts=\toks17
\float@box=\box27
\@float@everytoks=\toks18
\@floatcapt=\box28
)
("C:\Program Files (x86)\MiKTeX 2.9\tex\latex\amsfonts\amssymb.sty"
Package: amssymb 2009/06/22 v3.00

("C:\Program Files (x86)\MiKTeX 2.9\tex\latex\amsfonts\amsfonts.sty"
Package: amsfonts 2009/06/22 v3.00 Basic AMSFonts support
\@emptytoks=\toks19
\symAMSa=\mathgroup4
\symAMSb=\mathgroup5
LaTeX Font Info:    Overwriting math alphabet `\mathfrak' in version `bold'
(Font)                  U/euf/m/n --> U/euf/b/n on input line 96.
))
("C:\Program Files (x86)\MiKTeX 2.9\tex\latex\ams\math\amsmath.sty"
Package: amsmath 2000/07/18 v2.13 AMS math features
\@mathmargin=\skip81

For additional information on amsmath, use the `?' option.
("C:\Program Files (x86)\MiKTeX 2.9\tex\latex\ams\math\amstext.sty"
Package: amstext 2000/06/29 v2.01

("C:\Program Files (x86)\MiKTeX 2.9\tex\latex\ams\math\amsgen.sty"
File: amsgen.sty 1999/11/30 v2.0
\@emptytoks=\toks20
\ex@=\dimen121
))
("C:\Program Files (x86)\MiKTeX 2.9\tex\latex\ams\math\amsbsy.sty"
Package: amsbsy 1999/11/29 v1.2d
\pmbraise@=\dimen122
)
("C:\Program Files (x86)\MiKTeX 2.9\tex\latex\ams\math\amsopn.sty"
Package: amsopn 1999/12/14 v2.01 operator names
)
\inf@bad=\count102
LaTeX Info: Redefining \frac on input line 211.
\uproot@=\count103
\leftroot@=\count104
LaTeX Info: Redefining \overline on input line 307.
\classnum@=\count105
\DOTSCASE@=\count106
LaTeX Info: Redefining \ldots on input line 379.
LaTeX Info: Redefining \dots on input line 382.
LaTeX Info: Redefining \cdots on input line 467.
\Mathstrutbox@=\box29
\strutbox@=\box30
\big@size=\dimen123
LaTeX Font Info:    Redeclaring font encoding OML on input line 567.
LaTeX Font Info:    Redeclaring font encoding OMS on input line 568.
\macc@depth=\count107
\c@MaxMatrixCols=\count108
\dotsspace@=\muskip10
\c@parentequation=\count109
\dspbrk@lvl=\count110
\tag@help=\toks21
\row@=\count111
\column@=\count112
\maxfields@=\count113
\andhelp@=\toks22
\eqnshift@=\dimen124
\alignsep@=\dimen125
\tagshift@=\dimen126
\tagwidth@=\dimen127
\totwidth@=\dimen128
\lineht@=\dimen129
\@envbody=\toks23
\multlinegap=\skip82
\multlinetaggap=\skip83
\mathdisplay@stack=\toks24
LaTeX Info: Redefining \[ on input line 2666.
LaTeX Info: Redefining \] on input line 2667.
)
("C:\Program Files (x86)\MiKTeX 2.9\tex\latex\ltxmisc\url.sty"
\Urlmuskip=\muskip11
Package: url 2006/04/12  ver 3.3  Verb mode for urls, etc.
)
("C:\Program Files (x86)\MiKTeX 2.9\tex\latex\ulem\ulem.sty"
\UL@box=\box31
\UL@hyphenbox=\box32
\UL@skip=\skip84
\UL@hook=\toks25
\UL@height=\dimen130
\UL@pe=\count114
\UL@pixel=\dimen131
\ULC@box=\box33
Package: ulem 2012/05/18
\ULdepth=\dimen132
)
("C:\Program Files (x86)\MiKTeX 2.9\tex\latex\placeins\placeins.sty"
Package: placeins 2005/04/18  v 2.2
)
("C:\Program Files (x86)\MiKTeX 2.9\tex\latex\multirow\multirow.sty"
\bigstrutjot=\dimen133
)
("C:\Program Files (x86)\MiKTeX 2.9\tex\latex\bbm\bbm.sty"
Package: bbm 1999/03/15 V 1.2 provides fonts for set symbols - TH
LaTeX Font Info:    Overwriting math alphabet `\mathbbm' in version `bold'
(Font)                  U/bbm/m/n --> U/bbm/bx/n on input line 33.
LaTeX Font Info:    Overwriting math alphabet `\mathbbmss' in version `bold'
(Font)                  U/bbmss/m/n --> U/bbmss/bx/n on input line 35.
)
(C:\Users\Karsten\Documents\GitHub\ThesisWriteup\rotating.sty
Package: rotating 1995/08/22 2.10 Rotation package

("C:\Program Files (x86)\MiKTeX 2.9\tex\latex\base\ifthen.sty"
Package: ifthen 2001/05/26 v1.1c Standard LaTeX ifthen package (DPC)
)
\r@tfl@t=\count115
\rot@float@box=\box34
)
("C:\Program Files (x86)\MiKTeX 2.9\tex\latex\threeparttablex\threeparttablex.s
ty"
Package: threeparttablex 2013/07/23 v0.3 by daleif

("C:\Program Files (x86)\MiKTeX 2.9\tex\latex\threeparttable\threeparttable.sty
"
Package: threeparttable 2003/06/13  v 3.0
\@tempboxb=\box35
) ("C:\Program Files (x86)\MiKTeX 2.9\tex\latex\environ\environ.sty"
Package: environ 2014/05/04 v0.3 A new way to define environments

("C:\Program Files (x86)\MiKTeX 2.9\tex\latex\trimspaces\trimspaces.sty"
Package: trimspaces 2009/09/17 v1.1 Trim spaces around a token list
))
\TPTL@width=\skip85
)
("C:\Program Files (x86)\MiKTeX 2.9\tex\latex\mdwtools\footnote.sty"
Package: footnote 1997/01/28 1.13 Save footnotes around boxes
\fn@notes=\box36
\fn@width=\dimen134
)
("C:\Program Files (x86)\MiKTeX 2.9\tex\latex\tools\multicol.sty"
Package: multicol 2011/06/27 v1.7a multicolumn formatting (FMi)
\c@tracingmulticols=\count116
\mult@box=\box37
\multicol@leftmargin=\dimen135
\c@unbalance=\count117
\c@collectmore=\count118
\doublecol@number=\count119
\multicoltolerance=\count120
\multicolpretolerance=\count121
\full@width=\dimen136
\page@free=\dimen137
\premulticols=\dimen138
\postmulticols=\dimen139
\multicolsep=\skip86
\multicolbaselineskip=\skip87
\partial@page=\box38
\last@line=\box39
\mult@rightbox=\box40
\mult@grightbox=\box41
\mult@gfirstbox=\box42
\mult@firstbox=\box43
\@tempa=\box44
\@tempa=\box45
\@tempa=\box46
\@tempa=\box47
\@tempa=\box48
\@tempa=\box49
\@tempa=\box50
\@tempa=\box51
\@tempa=\box52
\@tempa=\box53
\@tempa=\box54
\@tempa=\box55
\@tempa=\box56
\@tempa=\box57
\@tempa=\box58
\@tempa=\box59
\@tempa=\box60
\c@columnbadness=\count122
\c@finalcolumnbadness=\count123
\last@try=\dimen140
\multicolovershoot=\dimen141
\multicolundershoot=\dimen142
\mult@nat@firstbox=\box61
\colbreak@box=\box62
\multicol@sort@counter=\count124
)
("C:\Program Files (x86)\MiKTeX 2.9\tex\latex\xcolor\xcolor.sty"
Package: xcolor 2007/01/21 v2.11 LaTeX color extensions (UK)

("C:\Program Files (x86)\MiKTeX 2.9\tex\latex\00miktex\color.cfg"
File: color.cfg 2007/01/18 v1.5 color configuration of teTeX/TeXLive
)
Package xcolor Info: Package option `usenames' ignored on input line 216.
Package xcolor Info: Driver file: pdftex.def on input line 225.
LaTeX Info: Redefining \color on input line 702.
Package xcolor Info: Model `cmy' substituted by `cmy0' on input line 1337.
Package xcolor Info: Model `hsb' substituted by `rgb' on input line 1341.
Package xcolor Info: Model `RGB' extended on input line 1353.
Package xcolor Info: Model `HTML' substituted by `rgb' on input line 1355.
Package xcolor Info: Model `Hsb' substituted by `hsb' on input line 1356.
Package xcolor Info: Model `tHsb' substituted by `hsb' on input line 1357.
Package xcolor Info: Model `HSB' substituted by `hsb' on input line 1358.
Package xcolor Info: Model `Gray' substituted by `gray' on input line 1359.
Package xcolor Info: Model `wave' substituted by `hsb' on input line 1360.

("C:\Program Files (x86)\MiKTeX 2.9\tex\latex\graphics\dvipsnam.def"
File: dvipsnam.def 1999/02/16 v3.0i Driver-dependant file (DPC,SPQR)
))
("C:\Program Files (x86)\MiKTeX 2.9\tex\latex\base\inputenc.sty"
Package: inputenc 2008/03/30 v1.1d Input encoding file
\inpenc@prehook=\toks26
\inpenc@posthook=\toks27

("C:\Program Files (x86)\MiKTeX 2.9\tex\latex\base\utf8.def"
File: utf8.def 2008/04/05 v1.1m UTF-8 support for inputenc
Now handling font encoding OML ...
... no UTF-8 mapping file for font encoding OML
Now handling font encoding T1 ...
... processing UTF-8 mapping file for font encoding T1

("C:\Program Files (x86)\MiKTeX 2.9\tex\latex\base\t1enc.dfu"
File: t1enc.dfu 2008/04/05 v1.1m UTF-8 support for inputenc
   defining Unicode char U+00A1 (decimal 161)
   defining Unicode char U+00A3 (decimal 163)
   defining Unicode char U+00AB (decimal 171)
   defining Unicode char U+00BB (decimal 187)
   defining Unicode char U+00BF (decimal 191)
   defining Unicode char U+00C0 (decimal 192)
   defining Unicode char U+00C1 (decimal 193)
   defining Unicode char U+00C2 (decimal 194)
   defining Unicode char U+00C3 (decimal 195)
   defining Unicode char U+00C4 (decimal 196)
   defining Unicode char U+00C5 (decimal 197)
   defining Unicode char U+00C6 (decimal 198)
   defining Unicode char U+00C7 (decimal 199)
   defining Unicode char U+00C8 (decimal 200)
   defining Unicode char U+00C9 (decimal 201)
   defining Unicode char U+00CA (decimal 202)
   defining Unicode char U+00CB (decimal 203)
   defining Unicode char U+00CC (decimal 204)
   defining Unicode char U+00CD (decimal 205)
   defining Unicode char U+00CE (decimal 206)
   defining Unicode char U+00CF (decimal 207)
   defining Unicode char U+00D0 (decimal 208)
   defining Unicode char U+00D1 (decimal 209)
   defining Unicode char U+00D2 (decimal 210)
   defining Unicode char U+00D3 (decimal 211)
   defining Unicode char U+00D4 (decimal 212)
   defining Unicode char U+00D5 (decimal 213)
   defining Unicode char U+00D6 (decimal 214)
   defining Unicode char U+00D8 (decimal 216)
   defining Unicode char U+00D9 (decimal 217)
   defining Unicode char U+00DA (decimal 218)
   defining Unicode char U+00DB (decimal 219)
   defining Unicode char U+00DC (decimal 220)
   defining Unicode char U+00DD (decimal 221)
   defining Unicode char U+00DE (decimal 222)
   defining Unicode char U+00DF (decimal 223)
   defining Unicode char U+00E0 (decimal 224)
   defining Unicode char U+00E1 (decimal 225)
   defining Unicode char U+00E2 (decimal 226)
   defining Unicode char U+00E3 (decimal 227)
   defining Unicode char U+00E4 (decimal 228)
   defining Unicode char U+00E5 (decimal 229)
   defining Unicode char U+00E6 (decimal 230)
   defining Unicode char U+00E7 (decimal 231)
   defining Unicode char U+00E8 (decimal 232)
   defining Unicode char U+00E9 (decimal 233)
   defining Unicode char U+00EA (decimal 234)
   defining Unicode char U+00EB (decimal 235)
   defining Unicode char U+00EC (decimal 236)
   defining Unicode char U+00ED (decimal 237)
   defining Unicode char U+00EE (decimal 238)
   defining Unicode char U+00EF (decimal 239)
   defining Unicode char U+00F0 (decimal 240)
   defining Unicode char U+00F1 (decimal 241)
   defining Unicode char U+00F2 (decimal 242)
   defining Unicode char U+00F3 (decimal 243)
   defining Unicode char U+00F4 (decimal 244)
   defining Unicode char U+00F5 (decimal 245)
   defining Unicode char U+00F6 (decimal 246)
   defining Unicode char U+00F8 (decimal 248)
   defining Unicode char U+00F9 (decimal 249)
   defining Unicode char U+00FA (decimal 250)
   defining Unicode char U+00FB (decimal 251)
   defining Unicode char U+00FC (decimal 252)
   defining Unicode char U+00FD (decimal 253)
   defining Unicode char U+00FE (decimal 254)
   defining Unicode char U+00FF (decimal 255)
   defining Unicode char U+0102 (decimal 258)
   defining Unicode char U+0103 (decimal 259)
   defining Unicode char U+0104 (decimal 260)
   defining Unicode char U+0105 (decimal 261)
   defining Unicode char U+0106 (decimal 262)
   defining Unicode char U+0107 (decimal 263)
   defining Unicode char U+010C (decimal 268)
   defining Unicode char U+010D (decimal 269)
   defining Unicode char U+010E (decimal 270)
   defining Unicode char U+010F (decimal 271)
   defining Unicode char U+0110 (decimal 272)
   defining Unicode char U+0111 (decimal 273)
   defining Unicode char U+0118 (decimal 280)
   defining Unicode char U+0119 (decimal 281)
   defining Unicode char U+011A (decimal 282)
   defining Unicode char U+011B (decimal 283)
   defining Unicode char U+011E (decimal 286)
   defining Unicode char U+011F (decimal 287)
   defining Unicode char U+0130 (decimal 304)
   defining Unicode char U+0131 (decimal 305)
   defining Unicode char U+0132 (decimal 306)
   defining Unicode char U+0133 (decimal 307)
   defining Unicode char U+0139 (decimal 313)
   defining Unicode char U+013A (decimal 314)
   defining Unicode char U+013D (decimal 317)
   defining Unicode char U+013E (decimal 318)
   defining Unicode char U+0141 (decimal 321)
   defining Unicode char U+0142 (decimal 322)
   defining Unicode char U+0143 (decimal 323)
   defining Unicode char U+0144 (decimal 324)
   defining Unicode char U+0147 (decimal 327)
   defining Unicode char U+0148 (decimal 328)
   defining Unicode char U+014A (decimal 330)
   defining Unicode char U+014B (decimal 331)
   defining Unicode char U+0150 (decimal 336)
   defining Unicode char U+0151 (decimal 337)
   defining Unicode char U+0152 (decimal 338)
   defining Unicode char U+0153 (decimal 339)
   defining Unicode char U+0154 (decimal 340)
   defining Unicode char U+0155 (decimal 341)
   defining Unicode char U+0158 (decimal 344)
   defining Unicode char U+0159 (decimal 345)
   defining Unicode char U+015A (decimal 346)
   defining Unicode char U+015B (decimal 347)
   defining Unicode char U+015E (decimal 350)
   defining Unicode char U+015F (decimal 351)
   defining Unicode char U+0160 (decimal 352)
   defining Unicode char U+0161 (decimal 353)
   defining Unicode char U+0162 (decimal 354)
   defining Unicode char U+0163 (decimal 355)
   defining Unicode char U+0164 (decimal 356)
   defining Unicode char U+0165 (decimal 357)
   defining Unicode char U+016E (decimal 366)
   defining Unicode char U+016F (decimal 367)
   defining Unicode char U+0170 (decimal 368)
   defining Unicode char U+0171 (decimal 369)
   defining Unicode char U+0178 (decimal 376)
   defining Unicode char U+0179 (decimal 377)
   defining Unicode char U+017A (decimal 378)
   defining Unicode char U+017B (decimal 379)
   defining Unicode char U+017C (decimal 380)
   defining Unicode char U+017D (decimal 381)
   defining Unicode char U+017E (decimal 382)
   defining Unicode char U+200C (decimal 8204)
   defining Unicode char U+2013 (decimal 8211)
   defining Unicode char U+2014 (decimal 8212)
   defining Unicode char U+2018 (decimal 8216)
   defining Unicode char U+2019 (decimal 8217)
   defining Unicode char U+201A (decimal 8218)
   defining Unicode char U+201C (decimal 8220)
   defining Unicode char U+201D (decimal 8221)
   defining Unicode char U+201E (decimal 8222)
   defining Unicode char U+2030 (decimal 8240)
   defining Unicode char U+2031 (decimal 8241)
   defining Unicode char U+2039 (decimal 8249)
   defining Unicode char U+203A (decimal 8250)
   defining Unicode char U+2423 (decimal 9251)
)
Now handling font encoding OT1 ...
... processing UTF-8 mapping file for font encoding OT1

("C:\Program Files (x86)\MiKTeX 2.9\tex\latex\base\ot1enc.dfu"
File: ot1enc.dfu 2008/04/05 v1.1m UTF-8 support for inputenc
   defining Unicode char U+00A1 (decimal 161)
   defining Unicode char U+00A3 (decimal 163)
   defining Unicode char U+00B8 (decimal 184)
   defining Unicode char U+00BF (decimal 191)
   defining Unicode char U+00C5 (decimal 197)
   defining Unicode char U+00C6 (decimal 198)
   defining Unicode char U+00D8 (decimal 216)
   defining Unicode char U+00DF (decimal 223)
   defining Unicode char U+00E6 (decimal 230)
   defining Unicode char U+00EC (decimal 236)
   defining Unicode char U+00ED (decimal 237)
   defining Unicode char U+00EE (decimal 238)
   defining Unicode char U+00EF (decimal 239)
   defining Unicode char U+00F8 (decimal 248)
   defining Unicode char U+0131 (decimal 305)
   defining Unicode char U+0141 (decimal 321)
   defining Unicode char U+0142 (decimal 322)
   defining Unicode char U+0152 (decimal 338)
   defining Unicode char U+0153 (decimal 339)
   defining Unicode char U+2013 (decimal 8211)
   defining Unicode char U+2014 (decimal 8212)
   defining Unicode char U+2018 (decimal 8216)
   defining Unicode char U+2019 (decimal 8217)
   defining Unicode char U+201C (decimal 8220)
   defining Unicode char U+201D (decimal 8221)
)
Now handling font encoding OMS ...
... processing UTF-8 mapping file for font encoding OMS

("C:\Program Files (x86)\MiKTeX 2.9\tex\latex\base\omsenc.dfu"
File: omsenc.dfu 2008/04/05 v1.1m UTF-8 support for inputenc
   defining Unicode char U+00A7 (decimal 167)
   defining Unicode char U+00B6 (decimal 182)
   defining Unicode char U+00B7 (decimal 183)
   defining Unicode char U+2020 (decimal 8224)
   defining Unicode char U+2021 (decimal 8225)
   defining Unicode char U+2022 (decimal 8226)
)
Now handling font encoding OMX ...
... no UTF-8 mapping file for font encoding OMX
Now handling font encoding U ...
... no UTF-8 mapping file for font encoding U
   defining Unicode char U+00A9 (decimal 169)
   defining Unicode char U+00AA (decimal 170)
   defining Unicode char U+00AE (decimal 174)
   defining Unicode char U+00BA (decimal 186)
   defining Unicode char U+02C6 (decimal 710)
   defining Unicode char U+02DC (decimal 732)
   defining Unicode char U+200C (decimal 8204)
   defining Unicode char U+2026 (decimal 8230)
   defining Unicode char U+2122 (decimal 8482)
   defining Unicode char U+2423 (decimal 9251)
))
("C:\Program Files (x86)\MiKTeX 2.9\tex\latex\caption\caption.sty"
Package: caption 2013/02/03 v3.3-65 Customizing captions (AR)

("C:\Program Files (x86)\MiKTeX 2.9\tex\latex\caption\caption3.sty"
Package: caption3 2013/02/03 v1.5-62 caption3 kernel (AR)
\captionmargin=\dimen143
\captionmargin@=\dimen144
\captionwidth=\dimen145
\caption@tempdima=\dimen146
\caption@indent=\dimen147
\caption@parindent=\dimen148
\caption@hangindent=\dimen149
Package caption Info: Unknown document class (or package),
(caption)             standard defaults will be used.
)

Package caption Warning: Unsupported document class (or package) detected,
(caption)                usage of the caption package is not recommended.
See the caption package documentation for explanation.

Package caption Info: \@makecaption = \long macro:#1#2-> \vskip 10pt \newbox \@
tempboxb \setbox \@tempboxa \hbox {#2} \setbox \@tempboxb \hbox {#1~~~} \advanc
e \captionwidth by -\wd \@tempboxb \ifdim \captionwidth < \wd \@tempboxa \hbox 
to \hsize {\hfil \box \@tempboxb \parbox [t]{\captionwidth }{\unhbox \@tempboxa
 }\hfil } \else \hbox to \hsize {\hfil \box \@tempboxb \box \@tempboxa \hfil } 
\fi .
\c@ContinuedFloat=\count125
Package caption Info: float package is loaded.
Package caption Info: rotating package is loaded.
Package caption Info: threeparttable package is loaded.
Package caption Info: wrapfig package is loaded.
) ("C:\Program Files (x86)\MiKTeX 2.9\tex\latex\caption\subcaption.sty"
Package: subcaption 2013/02/03 v1.1-62 Sub-captions (AR)
\c@subfigure=\count126
\c@subtable=\count127
)
("C:\Program Files (x86)\MiKTeX 2.9\tex\latex\preprint\fullpage.sty"
Package: fullpage 1999/02/23 1.1 (PWD)
\FP@margin=\skip88
)
("C:\Program Files (x86)\MiKTeX 2.9\tex\latex\subfig\subfig.sty"
Package: subfig 2005/06/28 ver: 1.3 subfig package
\c@KVtest=\count128
\sf@farskip=\skip89
\sf@captopadj=\dimen150
\sf@capskip=\skip90
\sf@nearskip=\skip91
\sf@top=\skip92
\sf@bottom=\skip93
)
("C:\Program Files (x86)\MiKTeX 2.9\tex\latex\tools\tabularx.sty"
Package: tabularx 1999/01/07 v2.07 `tabularx' package (DPC)

("C:\Program Files (x86)\MiKTeX 2.9\tex\latex\tools\array.sty"
Package: array 2008/09/09 v2.4c Tabular extension package (FMi)
\col@sep=\dimen151
\extrarowheight=\dimen152
\NC@list=\toks28
\extratabsurround=\skip94
\backup@length=\skip95
)
\TX@col@width=\dimen153
\TX@old@table=\dimen154
\TX@old@col=\dimen155
\TX@target=\dimen156
\TX@delta=\dimen157
\TX@cols=\count129
\TX@ftn=\toks29
)
(C:\Users\Karsten\Documents\GitHub\ThesisWriteup\natbib.sty
Package: natbib 1996/06/17 6.3 (PWD)
\bibhang=\skip96
\bibsep=\skip97
LaTeX Info: Redefining \cite on input line 314.
\c@NAT@ctr=\count130
)
("C:\Program Files (x86)\MiKTeX 2.9\tex\latex\hyperref\hyperref.sty"
Package: hyperref 2012/05/13 v6.82q Hypertext links for LaTeX

("C:\Program Files (x86)\MiKTeX 2.9\tex\generic\oberdiek\hobsub-hyperref.sty"
Package: hobsub-hyperref 2012/04/25 v1.12 Bundle oberdiek, subset hyperref (HO)


("C:\Program Files (x86)\MiKTeX 2.9\tex\generic\oberdiek\hobsub-generic.sty"
Package: hobsub-generic 2012/04/25 v1.12 Bundle oberdiek, subset generic (HO)
Package: hobsub 2012/04/25 v1.12 Construct package bundles (HO)
Package hobsub Info: Skipping package `infwarerr' (already loaded).
Package hobsub Info: Skipping package `ltxcmds' (already loaded).
Package hobsub Info: Skipping package `ifluatex' (already loaded).
Package hobsub Info: Skipping package `ifvtex' (already loaded).
Package: intcalc 2007/09/27 v1.1 Expandable calculations with integers (HO)
Package hobsub Info: Skipping package `ifpdf' (already loaded).
Package hobsub Info: Skipping package `etexcmds' (already loaded).
Package hobsub Info: Skipping package `kvsetkeys' (already loaded).
Package: kvdefinekeys 2011/04/07 v1.3 Define keys (HO)
Package: pdftexcmds 2011/11/29 v0.20 Utility functions of pdfTeX for LuaTeX (HO
)
Package pdftexcmds Info: LuaTeX not detected.
Package pdftexcmds Info: \pdf@primitive is available.
Package pdftexcmds Info: \pdf@ifprimitive is available.
Package pdftexcmds Info: \pdfdraftmode found.
Package: pdfescape 2011/11/25 v1.13 Implements pdfTeX's escape features (HO)
Package: bigintcalc 2012/04/08 v1.3 Expandable calculations on big integers (HO
)
Package: bitset 2011/01/30 v1.1 Handle bit-vector datatype (HO)
Package: uniquecounter 2011/01/30 v1.2 Provide unlimited unique counter (HO)
)
Package hobsub Info: Skipping package `hobsub' (already loaded).
Package: letltxmacro 2010/09/02 v1.4 Let assignment for LaTeX macros (HO)
Package: hopatch 2011/06/24 v1.1 Wrapper for package hooks (HO)
Package: xcolor-patch 2011/01/30 xcolor patch
Package: atveryend 2011/06/30 v1.8 Hooks at the very end of document (HO)
Package atveryend Info: \enddocument detected (standard20110627).
Package: atbegshi 2011/10/05 v1.16 At begin shipout hook (HO)
Package: refcount 2011/10/16 v3.4 Data extraction from label references (HO)
Package: hycolor 2011/01/30 v1.7 Color options for hyperref/bookmark (HO)
)
\@linkdim=\dimen158
\Hy@linkcounter=\count131
\Hy@pagecounter=\count132

("C:\Program Files (x86)\MiKTeX 2.9\tex\latex\hyperref\pd1enc.def"
File: pd1enc.def 2012/05/13 v6.82q Hyperref: PDFDocEncoding definition (HO)
Now handling font encoding PD1 ...
... no UTF-8 mapping file for font encoding PD1
)
\Hy@SavedSpaceFactor=\count133

("C:\Program Files (x86)\MiKTeX 2.9\tex\latex\00miktex\hyperref.cfg"
File: hyperref.cfg 2002/06/06 v1.2 hyperref configuration of TeXLive
)
Package hyperref Info: Hyper figures OFF on input line 4062.
Package hyperref Info: Link nesting OFF on input line 4067.
Package hyperref Info: Hyper index ON on input line 4070.
Package hyperref Info: Plain pages OFF on input line 4077.
Package hyperref Info: Backreferencing OFF on input line 4082.
Package hyperref Info: Implicit mode ON; LaTeX internals redefined.
Package hyperref Info: Bookmarks ON on input line 4300.
\c@Hy@tempcnt=\count134
LaTeX Info: Redefining \url on input line 4653.
\Fld@menulength=\count135
\Field@Width=\dimen159
\Fld@charsize=\dimen160
Package hyperref Info: Hyper figures OFF on input line 5773.
Package hyperref Info: Link nesting OFF on input line 5778.
Package hyperref Info: Hyper index ON on input line 5781.
Package hyperref Info: backreferencing OFF on input line 5788.
Package hyperref Info: Link coloring OFF on input line 5793.
Package hyperref Info: Link coloring with OCG OFF on input line 5798.
Package hyperref Info: PDF/A mode OFF on input line 5803.
LaTeX Info: Redefining \ref on input line 5843.
LaTeX Info: Redefining \pageref on input line 5847.
\Hy@abspage=\count136
\c@Item=\count137
\c@Hfootnote=\count138
)

Package hyperref Message: Driver (autodetected): hpdftex.

("C:\Program Files (x86)\MiKTeX 2.9\tex\latex\hyperref\hpdftex.def"
File: hpdftex.def 2012/05/13 v6.82q Hyperref driver for pdfTeX
\Fld@listcount=\count139
\c@bookmark@seq@number=\count140

("C:\Program Files (x86)\MiKTeX 2.9\tex\latex\oberdiek\rerunfilecheck.sty"
Package: rerunfilecheck 2011/04/15 v1.7 Rerun checks for auxiliary files (HO)
Package uniquecounter Info: New unique counter `rerunfilecheck' on input line 2
82.
)
\Hy@SectionHShift=\skip98
)
("C:\Program Files (x86)\MiKTeX 2.9\tex\latex\lipsum\lipsum.sty"
Package: lipsum 2011/04/14 v1.2 150 paragraphs of Lorem Ipsum dummy text
\c@lips@count=\count141
)
("C:\Program Files (x86)\MiKTeX 2.9\tex\latex\appendix\appendix.sty"
Package: appendix 2009/09/02 v1.2b extra appendix facilities
\c@@pps=\count142
\c@@ppsavesec=\count143
\c@@ppsaveapp=\count144
)
(C:\Users\Karsten\Documents\GitHub\ThesisWriteup\isutraditional.sty)

! LaTeX Error: Option clash for package hyperref.

See the LaTeX manual or LaTeX Companion for explanation.
Type  H <return>  for immediate help.
 ...                                              
                                                  
l.111 \hypersetup
                 {colorlinks=true,linkcolor=blue,anchorcolor=blue,citecolor=...

The package hyperref has already been loaded with options:
  []
There has now been an attempt to load it with options
  [pdftex,hypertexnames=false,linktocpage=true]
Adding the global options:
  ,pdftex,hypertexnames=false,linktocpage=true
to your \documentclass declaration may fix this.
Try typing  <return>  to proceed.

Package hyperref Info: Option `colorlinks' set `true' on input line 111.
Package hyperref Info: Option `bookmarksnumbered' set `true' on input line 111.

\c@theorem=\count145
("C:\Program Files (x86)\MiKTeX 2.9\tex\latex\upquote\upquote.sty"
Package: upquote 2012/04/19 v1.3 upright-quote and grave-accent glyphs in verba
tim
)
(C:\Users\Karsten\Documents\GitHub\ThesisWriteup\thesis.aux
(C:\Users\Karsten\Documents\GitHub\ThesisWriteup\Preface/titlepage.aux)
(C:\Users\Karsten\Documents\GitHub\ThesisWriteup\Preface/dedication.aux)
(C:\Users\Karsten\Documents\GitHub\ThesisWriteup\Preface/acknowl.aux)

LaTeX Warning: Label `litreview' multiply defined.

(C:\Users\Karsten\Documents\GitHub\ThesisWriteup\Reference/bibtex.aux))
LaTeX Font Info:    Checking defaults for OML/cmm/m/it on input line 132.
LaTeX Font Info:    ... okay on input line 132.
LaTeX Font Info:    Checking defaults for T1/cmr/m/n on input line 132.
LaTeX Font Info:    ... okay on input line 132.
LaTeX Font Info:    Checking defaults for OT1/cmr/m/n on input line 132.
LaTeX Font Info:    ... okay on input line 132.
LaTeX Font Info:    Checking defaults for OMS/cmsy/m/n on input line 132.
LaTeX Font Info:    ... okay on input line 132.
LaTeX Font Info:    Checking defaults for OMX/cmex/m/n on input line 132.
LaTeX Font Info:    ... okay on input line 132.
LaTeX Font Info:    Checking defaults for U/cmr/m/n on input line 132.
LaTeX Font Info:    ... okay on input line 132.
LaTeX Font Info:    Checking defaults for PD1/pdf/m/n on input line 132.
LaTeX Font Info:    ... okay on input line 132.

*geometry* driver: auto-detecting
*geometry* detected driver: pdftex
*geometry* verbose mode - [ preamble ] result:
* driver: pdftex
* paper: letterpaper
* layout: <same size as paper>
* layoutoffset:(h,v)=(0.0pt,0.0pt)
* modes: includehead 
* h-part:(L,W,R)=(90.3375pt, 450.2418pt, 73.7157pt)
* v-part:(T,H,B)=(39.74872pt, 682.95128pt, 72.26999pt)
* \paperwidth=614.295pt
* \paperheight=794.96999pt
* \textwidth=469.75502pt
* \textheight=620.43001pt
* \oddsidemargin=0.0pt
* \evensidemargin=0.0pt
* \topmargin=0.0pt
* \headheight=0.0pt
* \headsep=0.0pt
* \topskip=11.0pt
* \footskip=30.0pt
* \marginparwidth=59.0pt
* \marginparsep=10.0pt
* \columnsep=10.0pt
* \skip\footins=10.0pt plus 4.0pt minus 2.0pt
* \hoffset=0.0pt
* \voffset=0.0pt
* \mag=1000
* \@twocolumnfalse
* \@twosidefalse
* \@mparswitchfalse
* \@reversemarginfalse
* (1in=72.27pt=25.4mm, 1cm=28.453pt)

("C:\Program Files (x86)\MiKTeX 2.9\tex\context\base\supp-pdf.mkii"
[Loading MPS to PDF converter (version 2006.09.02).]
\scratchcounter=\count146
\scratchdimen=\dimen161
\scratchbox=\box63
\nofMPsegments=\count147
\nofMParguments=\count148
\everyMPshowfont=\toks30
\MPscratchCnt=\count149
\MPscratchDim=\dimen162
\MPnumerator=\count150
\makeMPintoPDFobject=\count151
\everyMPtoPDFconversion=\toks31
)
Package caption Info: Begin \AtBeginDocument code.
Package caption Info: subfig package v1.3 is loaded.
Package caption Info: hyperref package is loaded.
Package caption Info: End \AtBeginDocument code.

! Undefined control sequence.
<argument> \sf@counterlist 
                           
l.132 \begin{document}
                      
The control sequence at the end of the top line
of your error message was never \def'ed. If you have
misspelled it (e.g., `\hobx'), type `I' and the correct
spelling (e.g., `I\hbox'). Otherwise just continue,
and I'll forget about whatever was undefined.

\AtBeginShipoutBox=\box64
Package hyperref Info: Link coloring ON on input line 132.
("C:\Program Files (x86)\MiKTeX 2.9\tex\latex\hyperref\nameref.sty"
Package: nameref 2010/04/30 v2.40 Cross-referencing by name of section

("C:\Program Files (x86)\MiKTeX 2.9\tex\generic\oberdiek\gettitlestring.sty"
Package: gettitlestring 2010/12/03 v1.4 Cleanup title references (HO)
)
\c@section@level=\count152
)
LaTeX Info: Redefining \ref on input line 132.
LaTeX Info: Redefining \pageref on input line 132.
LaTeX Info: Redefining \nameref on input line 132.

(C:\Users\Karsten\Documents\GitHub\ThesisWriteup\thesis.out)
(C:\Users\Karsten\Documents\GitHub\ThesisWriteup\thesis.out)
\@outlinefile=\write3

(C:\Users\Karsten\Documents\GitHub\ThesisWriteup\Preface/titlepage.tex)
LaTeX Font Info:    Try loading font information for OMS+cmr on input line 135.


("C:\Program Files (x86)\MiKTeX 2.9\tex\latex\base\omscmr.fd"
File: omscmr.fd 1999/05/25 v2.5h Standard LaTeX font definitions
)
LaTeX Font Info:    Font shape `OMS/cmr/m/n' in size <10.95> not available
(Font)              Font shape `OMS/cmsy/m/n' tried instead on input line 135.

Overfull \vbox (5.43898pt too high) detected at line 135
 []

[1



{C:/ProgramData/MiKTeX/2.9/pdftex/config/pdftex.map}]
(C:\Users\Karsten\Documents\GitHub\ThesisWriteup\thesis.toc
LaTeX Font Info:    Try loading font information for U+msa on input line 2.

("C:\Program Files (x86)\MiKTeX 2.9\tex\latex\amsfonts\umsa.fd"
File: umsa.fd 2009/06/22 v3.00 AMS symbols A
)
LaTeX Font Info:    Try loading font information for U+msb on input line 2.

("C:\Program Files (x86)\MiKTeX 2.9\tex\latex\amsfonts\umsb.fd"
File: umsb.fd 2009/06/22 v3.00 AMS symbols B
)
Overfull \hbox (17.69286pt too wide) in paragraph at lines 28--28
 [][] [][][]\OT1/cmr/bx/n/10.95 COMPARISON OF LEARN-ING OUT-COMES FOR SIMULATIO
N- 
 []


Overfull \vbox (7.31305pt too high) has occurred while \output is active []


[2


] [3] [4])
\tf@toc=\write4
 [5] (C:\Users\Karsten\Documents\GitHub\ThesisWriteup\thesis.lot
Overfull \hbox (10.99608pt too wide) in paragraph at lines 14--14
 [][] [][][]\OT1/cmr/m/n/10.95 Summary Statis-tics from Prin-ci-pal Com-po-nent
 Anal-y-sis with Six Topic/Polarity 
 []

)
\tf@lot=\write5

Overfull \vbox (7.31305pt too high) has occurred while \output is active []


[6


] (C:\Users\Karsten\Documents\GitHub\ThesisWriteup\thesis.lof
Overfull \vbox (7.31305pt too high) has occurred while \output is active []


[7


] [8])
\tf@lof=\write6
 [9]
(C:\Users\Karsten\Documents\GitHub\ThesisWriteup\Preface/dedication.tex)
Overfull \vbox (4.71457pt too high) has occurred while \output is active []


[10



] (C:\Users\Karsten\Documents\GitHub\ThesisWriteup\Preface/acknowl.tex
ACKNOWLEDGEMENTS
) [11




]
CHAPTER\  1.

Overfull \vbox (7.05666pt too high) has occurred while \output is active []


[1


] [2] [3] [4] [5] [6] [7] [8] [9] [10] [11] [12]
Overfull \hbox (5.25963pt too wide) in paragraph at lines 274--275
[]\OT1/cmr/m/n/10.95 Since 2007 a grow-ing num-ber of ed-u-ca-tors have joined 
Cobb in ad-vo-cat-ing for teach-ing simulation-
 []

[13] [14] [15] [16] [17] [18] [19] [20] [21] [22]
CHAPTER\  2.

Overfull \vbox (7.05666pt too high) has occurred while \output is active []


[23

] [24] [25] [26] [27]
<Figure/CurriculumStudy/CurriculaPaths2.pdf, id=666, 650.43pt x 216.81pt>
File: Figure/CurriculumStudy/CurriculaPaths2.pdf Graphic file (type pdf)

<use Figure/CurriculumStudy/CurriculaPaths2.pdf>
Package pdftex.def Info: Figure/CurriculumStudy/CurriculaPaths2.pdf used on inp
ut line 399.
(pdftex.def)             Requested size: 469.75502pt x 156.58939pt.
 [28] [29 <C:/Users/Karsten/Documents/GitHub/ThesisWriteup/Figure/CurriculumStu
dy/CurriculaPaths2.pdf>]
<Figure/CurriculumStudy/LectureInstructionWithRooms.pdf, id=729, 668.4975pt x 2
16.81pt>
File: Figure/CurriculumStudy/LectureInstructionWithRooms.pdf Graphic file (type
 pdf)
 <use Figure/CurriculumStudy/LectureInstructionWithRooms.pdf>
Package pdftex.def Info: Figure/CurriculumStudy/LectureInstructionWithRooms.pdf
 used on input line 419.
(pdftex.def)             Requested size: 469.75502pt x 152.35814pt.

<Figure/CurriculumStudy/LabInstructionWithRooms.pdf, id=730, 668.4975pt x 252.9
45pt>
File: Figure/CurriculumStudy/LabInstructionWithRooms.pdf Graphic file (type pdf
)
 <use Figure/CurriculumStudy/LabInstructionWithRooms.pdf>
Package pdftex.def Info: Figure/CurriculumStudy/LabInstructionWithRooms.pdf use
d on input line 421.
(pdftex.def)             Requested size: 469.75502pt x 177.75116pt.
 [30] [31 <C:/Users/Karsten/Documents/GitHub/ThesisWriteup/Figure/CurriculumStu
dy/LectureInstructionWithRooms.pdf> <C:/Users/Karsten/Documents/GitHub/ThesisWr
iteup/Figure/CurriculumStudy/LabInstructionWithRooms.pdf>] [32]

Package xcolor Warning: Incompatible color definition on input line 448.

<FigureScoreHistsByGroup-1.pdf, id=888, 1084.05pt x 578.16pt>
File: FigureScoreHistsByGroup-1.pdf Graphic file (type pdf)

<use FigureScoreHistsByGroup-1.pdf>
Package pdftex.def Info: FigureScoreHistsByGroup-1.pdf used on input line 450.
(pdftex.def)             Requested size: 469.75502pt x 250.53596pt.
 [33 <C:/Users/Karsten/Documents/GitHub/ThesisWriteup/FigureScoreHistsByGroup-1
.pdf>]
LaTeX Font Info:    Try loading font information for U+bbm on input line 522.

("C:\Program Files (x86)\MiKTeX 2.9\tex\latex\bbm\ubbm.fd"
File: ubbm.fd 1999/03/15 V 1.2 Font definition for bbm font - TH
)
! Extra }, or forgotten $.
l.533 $\epsilon}
                _{i\ell}$ & is the error for the $\ell ^{th}$ response from ...
I've deleted a group-closing symbol because it seems to be
spurious, as in `$x}$'. But perhaps the } is legitimate and
you forgot something else, as in `\hbox{$x}'. In such cases
the way to recover is to insert both the forgotten and the
deleted material, e.g., by typing `I$}'.

[34] [35]
Underfull \hbox (badness 10000) in paragraph at lines 604--605

 []


Underfull \hbox (badness 10000) in paragraph at lines 625--626

 []

[36] [37] [38] [39] [40]

Package xcolor Warning: Incompatible color definition on input line 782.

<Figuresimerrorratesdg-1.pdf, id=959, 722.7pt x 289.08pt>
File: Figuresimerrorratesdg-1.pdf Graphic file (type pdf)

<use Figuresimerrorratesdg-1.pdf>
Package pdftex.def Info: Figuresimerrorratesdg-1.pdf used on input line 784.
(pdftex.def)             Requested size: 469.75502pt x 187.90417pt.


LaTeX Warning: `h' float specifier changed to `ht'.


Overfull \hbox (2.82645pt too wide) in paragraph at lines 794--795
[]\OT1/cmr/m/n/10.95 Note that the mag-ni-tude of vari-ance scal-ing pa-ram-e-t
ers is nec-es-sar-ily at-tributed to non-curricular
 []

[41] [42 <C:/Users/Karsten/Documents/GitHub/ThesisWriteup/Figuresimerrorratesdg
-1.pdf>] [43] [44] [45]
CHAPTER\  3.

Overfull \vbox (7.05666pt too high) has occurred while \output is active []


[46

] [47] [48]
<Figure/ShinyDBSampler/SampleAndSummarizeWithPanelLabels.png, id=1013, 663.2278
1pt x 499.11469pt>
File: Figure/ShinyDBSampler/SampleAndSummarizeWithPanelLabels.png Graphic file 
(type png)

<use Figure/ShinyDBSampler/SampleAndSummarizeWithPanelLabels.png>
Package pdftex.def Info: Figure/ShinyDBSampler/SampleAndSummarizeWithPanelLabel
s.png used on input line 890.
(pdftex.def)             Requested size: 446.26582pt x 335.83687pt.
 [49] [50 <C:/Users/Karsten/Documents/GitHub/ThesisWriteup/Figure/ShinyDBSample
r/SampleAndSummarizeWithPanelLabels.png>] [51]
<Figure/ShinyDBSampler/Visualize.png, id=1036, 663.22781pt x 391.4625pt>
File: Figure/ShinyDBSampler/Visualize.png Graphic file (type png)

<use Figure/ShinyDBSampler/Visualize.png>
Package pdftex.def Info: Figure/ShinyDBSampler/Visualize.png used on input line
 915.
(pdftex.def)             Requested size: 465.06004pt x 274.49376pt.
 [52 <C:/Users/Karsten/Documents/GitHub/ThesisWriteup/Figure/ShinyDBSampler/Vis
ualize.png>] [53] [54] [55] [56]
[57]

Package xcolor Warning: Incompatible color definition on input line 1026.

<FigurefluctuationDiagrams-1.pdf, id=1073, 867.24pt x 433.62pt>
File: FigurefluctuationDiagrams-1.pdf Graphic file (type pdf)

<use FigurefluctuationDiagrams-1.pdf>
Package pdftex.def Info: FigurefluctuationDiagrams-1.pdf used on input line 102
8.
(pdftex.def)             Requested size: 460.35791pt x 230.18141pt.
 [58 <C:/Users/Karsten/Documents/GitHub/ThesisWriteup/FigurefluctuationDiagrams
-1.pdf>]
Underfull \hbox (badness 10000) in paragraph at lines 1049--1050

 []

[59]

Package xcolor Warning: Incompatible color definition on input line 1098.

<FigureOverallSetBars-1.pdf, id=1095, 650.43pt x 180.675pt>
File: FigureOverallSetBars-1.pdf Graphic file (type pdf)

<use FigureOverallSetBars-1.pdf>
Package pdftex.def Info: FigureOverallSetBars-1.pdf used on input line 1100.
(pdftex.def)             Requested size: 465.06004pt x 129.18715pt.

Underfull \hbox (badness 10000) in paragraph at lines 1111--1112

 []

[60 <C:/Users/Karsten/Documents/GitHub/ThesisWriteup/FigureOverallSetBars-1.pdf
>]

Package xcolor Warning: Incompatible color definition on input line 1137.

<FigurePCA6plot-1.pdf, id=1110, 361.35pt x 361.35pt>
File: FigurePCA6plot-1.pdf Graphic file (type pdf)

<use FigurePCA6plot-1.pdf>
Package pdftex.def Info: FigurePCA6plot-1.pdf used on input line 1139.
(pdftex.def)             Requested size: 234.8775pt x 234.88023pt.
 [61] [62 <C:/Users/Karsten/Documents/GitHub/ThesisWriteup/FigurePCA6plot-1.pdf
>] [63] [64]
CHAPTER\  4.

Overfull \vbox (7.05666pt too high) has occurred while \output is active []


[65

] [66]

! LaTeX Error: No counter 'subfigure@save' defined.

See the LaTeX manual or LaTeX Companion for explanation.
Type  H <return>  for immediate help.
 ...                                              
                                                  
l.1352   \subfloat
                  [Overplotted data ]{\includegraphics[keepaspectratio=TRUE,...

Your command was ignored.
Type  I <command> <return>  to replace it with another command,
or  <return>  to continue without it.

<./Body/BinnedScatter/figure/Overplotting.pdf, id=1155, 361.35pt x 361.35pt>
File: ./Body/BinnedScatter/figure/Overplotting.pdf Graphic file (type pdf)

<use ./Body/BinnedScatter/figure/Overplotting.pdf>
Package pdftex.def Info: ./Body/BinnedScatter/figure/Overplotting.pdf used on i
nput line 1352.
(pdftex.def)             Requested size: 145.6229pt x 145.62364pt.


! LaTeX Error: No counter 'subfigure@save' defined.

See the LaTeX manual or LaTeX Companion for explanation.
Type  H <return>  for immediate help.
 ...                                              
                                                  
l.1353   \subfloat
                  [Tukey-style open circles]{\includegraphics[keepaspectrati...

Your command was ignored.
Type  I <command> <return>  to replace it with another command,
or  <return>  to continue without it.


<./Body/BinnedScatter/figure/OverplottingCircles.pdf, id=1156, 361.35pt x 361.3
5pt>
File: ./Body/BinnedScatter/figure/OverplottingCircles.pdf Graphic file (type pd
f)
 <use ./Body/BinnedScatter/figure/OverplottingCircles.pdf>
Package pdftex.def Info: ./Body/BinnedScatter/figure/OverplottingCircles.pdf us
ed on input line 1353.
(pdftex.def)             Requested size: 145.6229pt x 145.62364pt.


! LaTeX Error: No counter 'subfigure@save' defined.

See the LaTeX manual or LaTeX Companion for explanation.
Type  H <return>  for immediate help.
 ...                                              
                                                  
l.1354 	\subfloat
                 [Alpha blending]{\includegraphics[keepaspectratio=TRUE,widt...

Your command was ignored.
Type  I <command> <return>  to replace it with another command,
or  <return>  to continue without it.


<./Body/BinnedScatter/figure/OverplottingAlpha.pdf, id=1157, 361.35pt x 361.35p
t>
File: ./Body/BinnedScatter/figure/OverplottingAlpha.pdf Graphic file (type pdf)

 <use ./Body/BinnedScatter/figure/OverplottingAlpha.pdf>
Package pdftex.def Info: ./Body/BinnedScatter/figure/OverplottingAlpha.pdf used
 on input line 1354.
(pdftex.def)             Requested size: 145.6229pt x 145.62364pt.


! LaTeX Error: No counter 'subfigure@save' defined.

See the LaTeX manual or LaTeX Companion for explanation.
Type  H <return>  for immediate help.
 ...                                              
                                                  
l.1356   \subfloat
                  [Hexagonal binned scatterplot]{\includegraphics[keepaspect...

Your command was ignored.
Type  I <command> <return>  to replace it with another command,
or  <return>  to continue without it.

<./Body/BinnedScatter/figure/HexBinning.pdf, id=1158, 361.35pt x 361.35pt>
File: ./Body/BinnedScatter/figure/HexBinning.pdf Graphic file (type pdf)

<use ./Body/BinnedScatter/figure/HexBinning.pdf>
Package pdftex.def Info: ./Body/BinnedScatter/figure/HexBinning.pdf used on inp
ut line 1356.
(pdftex.def)             Requested size: 225.4804pt x 225.47928pt.


! LaTeX Error: No counter 'subfigure@save' defined.

See the LaTeX manual or LaTeX Companion for explanation.
Type  H <return>  for immediate help.
 ...                                              
                                                  
l.1357   \subfloat
                  [Hexagonal binned bubble plot]{\includegraphics[keepaspect...

Your command was ignored.
Type  I <command> <return>  to replace it with another command,
or  <return>  to continue without it.

<./Body/BinnedScatter/figure/BinScatter.pdf, id=1159, 361.35pt x 361.35pt>
File: ./Body/BinnedScatter/figure/BinScatter.pdf Graphic file (type pdf)

<use ./Body/BinnedScatter/figure/BinScatter.pdf>
Package pdftex.def Info: ./Body/BinnedScatter/figure/BinScatter.pdf used on inp
ut line 1357.
(pdftex.def)             Requested size: 225.4804pt x 225.47928pt.
Package hyperref Info: bookmark level for unknown subfigure defaults to 0 on in
put line 1360.
 [67] [68 <C:/Users/Karsten/Documents/GitHub/ThesisWriteup/Body/BinnedScatter/f
igure/Overplotting.pdf> <C:/Users/Karsten/Documents/GitHub/ThesisWriteup/Body/B
innedScatter/figure/OverplottingCircles.pdf> <C:/Users/Karsten/Documents/GitHub
/ThesisWriteup/Body/BinnedScatter/figure/OverplottingAlpha.pdf> <C:/Users/Karst
en/Documents/GitHub/ThesisWriteup/Body/BinnedScatter/figure/HexBinning.pdf> <C:
/Users/Karsten/Documents/GitHub/ThesisWriteup/Body/BinnedScatter/figure/BinScat
ter.pdf>] [69] [70] [71]
[72]
! Undefined control sequence.
l.1447 ...ast)$, with $\ell \in \{1,\dots,\mathscr
                                                  {L}\}$, where $\mathscr{L}...
The control sequence at the end of the top line
of your error message was never \def'ed. If you have
misspelled it (e.g., `\hobx'), type `I' and the correct
spelling (e.g., `I\hbox'). Otherwise just continue,
and I'll forget about whatever was undefined.

! Undefined control sequence.
<recently read> \mathscr 
                         
l.1447 ...{1,\dots,\mathscr{L}\}$, where $\mathscr
                                                  {L}=J\cdot K$.
The control sequence at the end of the top line
of your error message was never \def'ed. If you have
misspelled it (e.g., `\hobx'), type `I' and the correct
spelling (e.g., `I\hbox'). Otherwise just continue,
and I'll forget about whatever was undefined.

[73]

! LaTeX Error: No counter 'subtable@save' defined.

See the LaTeX manual or LaTeX Companion for explanation.
Type  H <return>  for immediate help.
 ...                                              
                                                  
l.1472 ...ge}[t]{.33\textwidth}\centering\subfloat
                                                  [Original Data, 12 rows]{
Your command was ignored.
Type  I <command> <return>  to replace it with another command,
or  <return>  to continue without it.


! LaTeX Error: No counter 'subtable@save' defined.

See the LaTeX manual or LaTeX Companion for explanation.
Type  H <return>  for immediate help.
 ...                                              
                                                  
l.1489 ...ge}[t]{.33\textwidth}\centering\subfloat
                                                  [Binned Data Centers, 12 r...

Your command was ignored.
Type  I <command> <return>  to replace it with another command,
or  <return>  to continue without it.


Underfull \hbox (badness 10000) in alignment at lines 1504--1504
[][] 
 []


! LaTeX Error: No counter 'subtable@save' defined.

See the LaTeX manual or LaTeX Companion for explanation.
Type  H <return>  for immediate help.
 ...                                              
                                                  
l.1506 ...ge}[t]{.33\textwidth}\centering\subfloat
                                                  [Reduced Binned Data, 4 ro...

Your command was ignored.
Type  I <command> <return>  to replace it with another command,
or  <return>  to continue without it.


Underfull \hbox (badness 10000) in alignment at lines 1513--1513
[][][] 
 []

Package hyperref Info: bookmark level for unknown subtable defaults to 0 on inp
ut line 1516.
[74] [75]

Package xcolor Warning: Incompatible color definition on input line 1535.

<Figurefirst-1.pdf, id=1255, 289.08pt x 289.08pt>
File: Figurefirst-1.pdf Graphic file (type pdf)
 <use Figurefirst-1.pdf>
Package pdftex.def Info: Figurefirst-1.pdf used on input line 1537.
(pdftex.def)             Requested size: 164.41711pt x 164.4156pt.


Package xcolor Warning: Incompatible color definition on input line 1548.

<Figurebin001-1.pdf, id=1256, 289.08pt x 361.35pt>
File: Figurebin001-1.pdf Graphic file (type pdf)
 <use Figurebin001-1.pdf>
Package pdftex.def Info: Figurebin001-1.pdf used on input line 1550.
(pdftex.def)             Requested size: 149.98053pt x 187.473pt.


Package xcolor Warning: Incompatible color definition on input line 1560.

<Figurebin025-1.pdf, id=1257, 289.08pt x 361.35pt>
File: Figurebin025-1.pdf Graphic file (type pdf)
 <use Figurebin025-1.pdf>
Package pdftex.def Info: Figurebin025-1.pdf used on input line 1562.
(pdftex.def)             Requested size: 149.98053pt x 187.473pt.


Package xcolor Warning: Incompatible color definition on input line 1572.

<Figurebin05-1.pdf, id=1258, 289.08pt x 361.35pt>
File: Figurebin05-1.pdf Graphic file (type pdf)
 <use Figurebin05-1.pdf>
Package pdftex.def Info: Figurebin05-1.pdf used on input line 1574.
(pdftex.def)             Requested size: 149.98053pt x 187.473pt.


Package xcolor Warning: Incompatible color definition on input line 1584.

<Figurebin1-1.pdf, id=1259, 289.08pt x 361.35pt>
File: Figurebin1-1.pdf Graphic file (type pdf)
 <use Figurebin1-1.pdf>
Package pdftex.def Info: Figurebin1-1.pdf used on input line 1586.
(pdftex.def)             Requested size: 149.98053pt x 187.473pt.

[76 <C:/Users/Karsten/Documents/GitHub/ThesisWriteup/Figurefirst-1.pdf> <C:/Use
rs/Karsten/Documents/GitHub/ThesisWriteup/Figurebin001-1.pdf> <C:/Users/Karsten
/Documents/GitHub/ThesisWriteup/Figurebin025-1.pdf> <C:/Users/Karsten/Documents
/GitHub/ThesisWriteup/Figurebin05-1.pdf> <C:/Users/Karsten/Documents/GitHub/The
sisWriteup/Figurebin1-1.pdf>]
! Undefined control sequence.
l.1604 ...)$ for bins $\ell \in \{1,\dots,\mathscr
                                                  {L}\}$. By displaying freq...
The control sequence at the end of the top line
of your error message was never \def'ed. If you have
misspelled it (e.g., `\hobx'), type `I' and the correct
spelling (e.g., `I\hbox'). Otherwise just continue,
and I'll forget about whatever was undefined.

! Undefined control sequence.
l.1606 ...n counts, $c_\ell \in \{1,\dots,\mathscr
                                                  {L}\}$ are not mapped to a...
The control sequence at the end of the top line
of your error message was never \def'ed. If you have
misspelled it (e.g., `\hobx'), type `I' and the correct
spelling (e.g., `I\hbox'). Otherwise just continue,
and I'll forget about whatever was undefined.

! Undefined control sequence.
l.1608 ...C(c_\ell)$, $\ell \in \{1,\dots,\mathscr
                                                  {L}\}$. %This loss in prec...
The control sequence at the end of the top line
of your error message was never \def'ed. If you have
misspelled it (e.g., `\hobx'), type `I' and the correct
spelling (e.g., `I\hbox'). Otherwise just continue,
and I'll forget about whatever was undefined.

[77]

Package xcolor Warning: Incompatible color definition on input line 1626.

<Figurespatlossdemo2-1.pdf, id=1302, 867.24pt x 433.62pt>
File: Figurespatlossdemo2-1.pdf Graphic file (type pdf)

<use Figurespatlossdemo2-1.pdf>
Package pdftex.def Info: Figurespatlossdemo2-1.pdf used on input line 1628.
(pdftex.def)             Requested size: 469.75502pt x 234.87912pt.


LaTeX Warning: `h' float specifier changed to `ht'.

[78] [79 <C:/Users/Karsten/Documents/GitHub/ThesisWriteup/Figurespatlossdemo2-1
.pdf>]

Package xcolor Warning: Incompatible color definition on input line 1658.

<Figurecontext-1.pdf, id=1324, 433.62pt x 325.215pt>
File: Figurecontext-1.pdf Graphic file (type pdf)
 <use Figurecontext-1.pdf>
Package pdftex.def Info: Figurecontext-1.pdf used on input line 1660.
(pdftex.def)             Requested size: 234.8775pt x 176.15933pt.

! Undefined control sequence.
l.1670 ... for bins $\ell \in \{1, \dots, \mathscr
                                                  {L} \}$ are placed into fr...
The control sequence at the end of the top line
of your error message was never \def'ed. If you have
misspelled it (e.g., `\hobx'), type `I' and the correct
spelling (e.g., `I\hbox'). Otherwise just continue,
and I'll forget about whatever was undefined.

[80]

Package xcolor Warning: Incompatible color definition on input line 1675.

<FigureFreqLossDemo-1.pdf, id=1333, 433.62pt x 216.81pt>
File: FigureFreqLossDemo-1.pdf Graphic file (type pdf)

<use FigureFreqLossDemo-1.pdf>
Package pdftex.def Info: FigureFreqLossDemo-1.pdf used on input line 1677.
(pdftex.def)             Requested size: 375.80544pt x 187.9119pt.
 [81 <C:/Users/Karsten/Documents/GitHub/ThesisWriteup/Figurecontext-1.pdf> <C:/
Users/Karsten/Documents/GitHub/ThesisWriteup/FigureFreqLossDemo-1.pdf>]
! Undefined control sequence.
l.1691 L^F = \sum_{\ell=1}^{\mathscr
                                    {L}} L_\ell^F = \sum_{\ell=1}^{\mathscr{...
The control sequence at the end of the top line
of your error message was never \def'ed. If you have
misspelled it (e.g., `\hobx'), type `I' and the correct
spelling (e.g., `I\hbox'). Otherwise just continue,
and I'll forget about whatever was undefined.

! Undefined control sequence.
l.1691 ...r{L}} L_\ell^F = \sum_{\ell=1}^{\mathscr
                                                  {L}} (c_\ell-b_c(c_\ell))^2
The control sequence at the end of the top line
of your error message was never \def'ed. If you have
misspelled it (e.g., `\hobx'), type `I' and the correct
spelling (e.g., `I\hbox'). Otherwise just continue,
and I'll forget about whatever was undefined.

! Undefined control sequence.
l.1701 L^{\log F} = \sum_{\ell \in \mathscr
                                           {L}^\ast} L_\ell^{\log F} = \sum_...
The control sequence at the end of the top line
of your error message was never \def'ed. If you have
misspelled it (e.g., `\hobx'), type `I' and the correct
spelling (e.g., `I\hbox'). Otherwise just continue,
and I'll forget about whatever was undefined.

! Undefined control sequence.
l.1701 ..._\ell^{\log F} = \sum_{\ell \in \mathscr
                                                  {L}^\ast} (\log(c_\ell) - ...
The control sequence at the end of the top line
of your error message was never \def'ed. If you have
misspelled it (e.g., `\hobx'), type `I' and the correct
spelling (e.g., `I\hbox'). Otherwise just continue,
and I'll forget about whatever was undefined.

! Undefined control sequence.
<recently read> \mathscr 
                         
l.1704 where $\mathscr
                      {L}^\ast$ is the index set for all non-empty bins, whi...
The control sequence at the end of the top line
of your error message was never \def'ed. If you have
misspelled it (e.g., `\hobx'), type `I' and the correct
spelling (e.g., `I\hbox'). Otherwise just continue,
and I'll forget about whatever was undefined.

[82]

Package xcolor Warning: Incompatible color definition on input line 1726.

<FigureSimDataScatterplots-1.pdf, id=1359, 578.16pt x 397.485pt>
File: FigureSimDataScatterplots-1.pdf Graphic file (type pdf)

<use FigureSimDataScatterplots-1.pdf>
Package pdftex.def Info: FigureSimDataScatterplots-1.pdf used on input line 172
8.
(pdftex.def)             Requested size: 375.80544pt x 258.36218pt.


LaTeX Warning: `h' float specifier changed to `ht'.

[83]

Package xcolor Warning: Incompatible color definition on input line 1752.

<FigureSpatialLossCompare-1.pdf, id=1366, 578.16pt x 433.62pt>
File: FigureSpatialLossCompare-1.pdf Graphic file (type pdf)

<use FigureSpatialLossCompare-1.pdf>
Package pdftex.def Info: FigureSpatialLossCompare-1.pdf used on input line 1754
.
(pdftex.def)             Requested size: 375.80544pt x 281.84966pt.


LaTeX Warning: `h' float specifier changed to `ht'.

[84 <C:/Users/Karsten/Documents/GitHub/ThesisWriteup/FigureSimDataScatterplots-
1.pdf>] [85 <C:/Users/Karsten/Documents/GitHub/ThesisWriteup/FigureSpatialLossC
ompare-1.pdf>]

Package xcolor Warning: Incompatible color definition on input line 1775.

<FigureUniformStripes-1.pdf, id=1390, 578.16pt x 361.35pt>
File: FigureUniformStripes-1.pdf Graphic file (type pdf)

<use FigureUniformStripes-1.pdf>
Package pdftex.def Info: FigureUniformStripes-1.pdf used on input line 1777.
(pdftex.def)             Requested size: 422.77664pt x 264.23543pt.


LaTeX Warning: `h' float specifier changed to `ht'.

[86]

Package xcolor Warning: Incompatible color definition on input line 1790.

<FigureExponentialOriginPlots-1.pdf, id=1397, 578.16pt x 216.81pt>
File: FigureExponentialOriginPlots-1.pdf Graphic file (type pdf)

<use FigureExponentialOriginPlots-1.pdf>
Package pdftex.def Info: FigureExponentialOriginPlots-1.pdf used on input line 
1792.
(pdftex.def)             Requested size: 422.77664pt x 158.54124pt.
 [87 <C:/Users/Karsten/Documents/GitHub/ThesisWriteup/FigureUniformStripes-1.pd
f>] [88 <C:/Users/Karsten/Documents/GitHub/ThesisWriteup/FigureExponentialOrigi
nPlots-1.pdf>]

Package xcolor Warning: Incompatible color definition on input line 1817.

<FigureOriginOffsetSimulations-1.pdf, id=1425, 578.16pt x 289.08pt>
File: FigureOriginOffsetSimulations-1.pdf Graphic file (type pdf)

<use FigureOriginOffsetSimulations-1.pdf>
Package pdftex.def Info: FigureOriginOffsetSimulations-1.pdf used on input line
 1819.
(pdftex.def)             Requested size: 422.77664pt x 211.38834pt.
 [89 <C:/Users/Karsten/Documents/GitHub/ThesisWriteup/FigureOriginOffsetSimulat
ions-1.pdf>]

Package xcolor Warning: Incompatible color definition on input line 1840.

<FigureStandardFreqBinning4710none-1.pdf, id=1437, 722.7pt x 216.81pt>
File: FigureStandardFreqBinning4710none-1.pdf Graphic file (type pdf)

<use FigureStandardFreqBinning4710none-1.pdf>
Package pdftex.def Info: FigureStandardFreqBinning4710none-1.pdf used on input 
line 1842.
(pdftex.def)             Requested size: 465.06004pt x 139.51881pt.
 [90 <C:/Users/Karsten/Documents/GitHub/ThesisWriteup/FigureStandardFreqBinning
4710none-1.pdf>]

Package xcolor Warning: Incompatible color definition on input line 1857.

<FigureFreqLossCompare-1.pdf, id=1450, 867.24pt x 505.89pt>
File: FigureFreqLossCompare-1.pdf Graphic file (type pdf)

<use FigureFreqLossCompare-1.pdf>
Package pdftex.def Info: FigureFreqLossCompare-1.pdf used on input line 1859.
(pdftex.def)             Requested size: 465.06004pt x 271.28531pt.
 [91] [92 <C:/Users/Karsten/Documents/GitHub/ThesisWriteup/FigureFreqLossCompar
e-1.pdf>]

Package xcolor Warning: Incompatible color definition on input line 1876.

<FigureFreqBinPlots-1.pdf, id=1468, 722.7pt x 346.29375pt>
File: FigureFreqBinPlots-1.pdf Graphic file (type pdf)

<use FigureFreqBinPlots-1.pdf>
Package pdftex.def Info: FigureFreqBinPlots-1.pdf used on input line 1878.
(pdftex.def)             Requested size: 469.75502pt x 225.09354pt.
 [93 <C:/Users/Karsten/Documents/GitHub/ThesisWriteup/FigureFreqBinPlots-1.pdf>
]

Package xcolor Warning: Incompatible color definition on input line 1904.

<FigureBaseballBinnedScatters2X10-1.pdf, id=1483, 867.24pt x 289.08pt>
File: FigureBaseballBinnedScatters2X10-1.pdf Graphic file (type pdf)

<use FigureBaseballBinnedScatters2X10-1.pdf>
Package pdftex.def Info: FigureBaseballBinnedScatters2X10-1.pdf used on input l
ine 1906.
(pdftex.def)             Requested size: 465.06004pt x 155.02017pt.


LaTeX Warning: `h' float specifier changed to `ht'.

[94] [95 <C:/Users/Karsten/Documents/GitHub/ThesisWriteup/FigureBaseballBinnedS
catters2X10-1.pdf>]

! LaTeX Error: No counter 'subfigure@save' defined.

See the LaTeX manual or LaTeX Companion for explanation.
Type  H <return>  for immediate help.
 ...                                              
                                                  
l.1927 \subfloat
                [Million-point sample of Airline Data]{\includegraphics[widt...

Your command was ignored.
Type  I <command> <return>  to replace it with another command,
or  <return>  to continue without it.

<Figure/BinnedScatter/MillionSample.pdf, id=1503, 433.62pt x 433.62pt>
File: Figure/BinnedScatter/MillionSample.pdf Graphic file (type pdf)

<use Figure/BinnedScatter/MillionSample.pdf>
Package pdftex.def Info: Figure/BinnedScatter/MillionSample.pdf used on input l
ine 1927.
(pdftex.def)             Requested size: 206.69334pt x 206.69284pt.


! LaTeX Error: No counter 'subfigure@save' defined.

See the LaTeX manual or LaTeX Companion for explanation.
Type  H <return>  for immediate help.
 ...                                              
                                                  
l.1930 \subfloat
                [Minimal binning of Airline Data]{\includegraphics[width=.56...

Your command was ignored.
Type  I <command> <return>  to replace it with another command,
or  <return>  to continue without it.


<Figure/BinnedScatter/AirlineStdBinning1min.pdf, id=1504, 542.025pt x 433.62pt>
File: Figure/BinnedScatter/AirlineStdBinning1min.pdf Graphic file (type pdf)
<use Figure/BinnedScatter/AirlineStdBinning1min.pdf>
Package pdftex.def Info: Figure/BinnedScatter/AirlineStdBinning1min.pdf used on
 input line 1930.
(pdftex.def)             Requested size: 263.06166pt x 210.45763pt.
 [96 <C:/Users/Karsten/Documents/GitHub/ThesisWriteup/Figure/BinnedScatter/Mill
ionSample.pdf> <C:/Users/Karsten/Documents/GitHub/ThesisWriteup/Figure/BinnedSc
atter/AirlineStdBinning1min.pdf>]
<Figure/BinnedScatter/AirlineStdBinning5mins.pdf, id=1529, 433.62pt x 433.62pt>
File: Figure/BinnedScatter/AirlineStdBinning5mins.pdf Graphic file (type pdf)
<use Figure/BinnedScatter/AirlineStdBinning5mins.pdf>
Package pdftex.def Info: Figure/BinnedScatter/AirlineStdBinning5mins.pdf used o
n input line 1939.
(pdftex.def)             Requested size: 230.18253pt x 230.18141pt.

<Figure/BinnedScatter/AirlineStdBinning15mins.pdf, id=1530, 433.62pt x 433.62pt
>
File: Figure/BinnedScatter/AirlineStdBinning15mins.pdf Graphic file (type pdf)
 <use Figure/BinnedScatter/AirlineStdBinning15mins.pdf>
Package pdftex.def Info: Figure/BinnedScatter/AirlineStdBinning15mins.pdf used 
on input line 1940.
(pdftex.def)             Requested size: 230.18253pt x 230.18141pt.
 [97 <C:/Users/Karsten/Documents/GitHub/ThesisWriteup/Figure/BinnedScatter/Airl
ineStdBinning5mins.pdf> <C:/Users/Karsten/Documents/GitHub/ThesisWriteup/Figure
/BinnedScatter/AirlineStdBinning15mins.pdf>] [98] [99]
CHAPTER\  5.

Overfull \vbox (7.05666pt too high) has occurred while \output is active []


[100

] [101]
APPENDIX\  A.

Underfull \hbox (badness 10000) in paragraph at lines 2033--2036

 []


Underfull \hbox (badness 10000) in paragraph at lines 2039--2043

 []


Overfull \vbox (7.05666pt too high) has occurred while \output is active []


[102

]
Underfull \hbox (badness 10000) in paragraph at lines 2047--2051

 []


Underfull \hbox (badness 10000) in paragraph at lines 2054--2057

 []


Underfull \hbox (badness 10000) in paragraph at lines 2060--2064

 []

[103]
Underfull \hbox (badness 10000) in paragraph at lines 2068--2071

 []


Underfull \hbox (badness 10000) in paragraph at lines 2075--2079

 []


Underfull \hbox (badness 10000) in paragraph at lines 2083--2087

 []

[104]
Underfull \hbox (badness 10000) in paragraph at lines 2090--2093

 []


Underfull \hbox (badness 10000) in paragraph at lines 2096--2100

 []

[105]
Underfull \hbox (badness 10000) in paragraph at lines 2107--2110

 []


Underfull \hbox (badness 10000) in paragraph at lines 2113--2117

 []


Underfull \hbox (badness 10000) in paragraph at lines 2120--2123

 []


Underfull \hbox (badness 10000) in paragraph at lines 2127--2131

 []

[106]
Underfull \hbox (badness 10000) in paragraph at lines 2136--2138

 []


Underfull \hbox (badness 10000) in paragraph at lines 2141--2143

 []


Underfull \hbox (badness 10000) in paragraph at lines 2146--2149

 []

[107]
Underfull \hbox (badness 10000) in paragraph at lines 2152--2155

 []


Underfull \hbox (badness 10000) in paragraph at lines 2158--2162

 []


Underfull \hbox (badness 10000) in paragraph at lines 2165--2169

 []

[108] [109]

Package xcolor Warning: Incompatible color definition on input line 2209.

[110] <Figureregprobplot-1.pdf, id=1614, 433.62pt x 433.62pt>
File: Figureregprobplot-1.pdf Graphic file (type pdf)

<use Figureregprobplot-1.pdf>
Package pdftex.def Info: Figureregprobplot-1.pdf used on input line 2211.
(pdftex.def)             Requested size: 234.8775pt x 234.87912pt.

Underfull \hbox (badness 10000) in paragraph at lines 2230--2240

 []

[111 <C:/Users/Karsten/Documents/GitHub/ThesisWriteup/Figureregprobplot-1.pdf>]

Underfull \hbox (badness 10000) in paragraph at lines 2241--2248

 []


Underfull \hbox (badness 10000) in paragraph at lines 2251--2271

 []

[112]
Underfull \hbox (badness 10000) in paragraph at lines 2274--2287

 []

[113]

Package xcolor Warning: Incompatible color definition on input line 2292.

<Figuresidebysidebox-1.pdf, id=1636, 650.43pt x 325.215pt>
File: Figuresidebysidebox-1.pdf Graphic file (type pdf)

<use Figuresidebysidebox-1.pdf>
Package pdftex.def Info: Figuresidebysidebox-1.pdf used on input line 2294.
(pdftex.def)             Requested size: 375.80544pt x 187.90529pt.

Underfull \hbox (badness 10000) in paragraph at lines 2311--2313

 []

[114 <C:/Users/Karsten/Documents/GitHub/ThesisWriteup/Figuresidebysidebox-1.pdf
>] [115] [116]
Underfull \hbox (badness 10000) in paragraph at lines 2370--2374

 []


Underfull \hbox (badness 10000) in paragraph at lines 2377--2381

 []

[117]

Package xcolor Warning: Incompatible color definition on input line 2386.

<Figuretipratehisto-1.pdf, id=1661, 650.43pt x 252.945pt>
File: Figuretipratehisto-1.pdf Graphic file (type pdf)

<use Figuretipratehisto-1.pdf>
Package pdftex.def Info: Figuretipratehisto-1.pdf used on input line 2388.
(pdftex.def)             Requested size: 328.82707pt x 127.88095pt.

Underfull \hbox (badness 10000) in paragraph at lines 2395--2397

 []


<Figure/CurriculumStudy/QuizScores1Version1.png, id=1662, 204.01219pt x 179.922
18pt>
File: Figure/CurriculumStudy/QuizScores1Version1.png Graphic file (type png)
 <use Figure/CurriculumStudy/QuizScores1Version1.png>
Package pdftex.def Info: Figure/CurriculumStudy/QuizScores1Version1.png used on
 input line 2403.
(pdftex.def)             Requested size: 93.94957pt x 82.8558pt.

<Figure/CurriculumStudy/QuizScores2Version1.png, id=1663, 204.01219pt x 230.360
63pt>
File: Figure/CurriculumStudy/QuizScores2Version1.png Graphic file (type png)
 <use Figure/CurriculumStudy/QuizScores2Version1.png>
Package pdftex.def Info: Figure/CurriculumStudy/QuizScores2Version1.png used on
 input line 2404.
(pdftex.def)             Requested size: 93.94957pt x 106.08316pt.
 [118 <C:/Users/Karsten/Documents/GitHub/ThesisWriteup/Figuretipratehisto-1.pdf
>]

Package xcolor Warning: Incompatible color definition on input line 2717.

<FigureARTISTModDiag-1.pdf, id=1678, 361.35pt x 361.35pt>
File: FigureARTISTModDiag-1.pdf Graphic file (type pdf)

<use FigureARTISTModDiag-1.pdf>
Package pdftex.def Info: FigureARTISTModDiag-1.pdf used on input line 2719.
(pdftex.def)             Requested size: 230.18253pt x 230.18251pt.

<FigureARTISTModDiag-2.pdf, id=1679, 361.35pt x 361.35pt>
File: FigureARTISTModDiag-2.pdf Graphic file (type pdf)

<use FigureARTISTModDiag-2.pdf>
Package pdftex.def Info: FigureARTISTModDiag-2.pdf used on input line 2720.
(pdftex.def)             Requested size: 230.18253pt x 230.18251pt.


LaTeX Warning: `h' float specifier changed to `ht'.

[119 <C:/Users/Karsten/Documents/GitHub/ThesisWriteup/Figure/CurriculumStudy/Qu
izScores1Version1.png> <C:/Users/Karsten/Documents/GitHub/ThesisWriteup/Figure/
CurriculumStudy/QuizScores2Version1.png>]

Package xcolor Warning: Incompatible color definition on input line 2735.

<FigureresidualsARTIST-1.pdf, id=1689, 578.16pt x 230.8625pt>
File: FigureresidualsARTIST-1.pdf Graphic file (type pdf)

<use FigureresidualsARTIST-1.pdf>
Package pdftex.def Info: FigureresidualsARTIST-1.pdf used on input line 2737.
(pdftex.def)             Requested size: 422.77664pt x 168.81706pt.


LaTeX Warning: `h' float specifier changed to `ht'.

[120 <C:/Users/Karsten/Documents/GitHub/ThesisWriteup/FigureARTISTModDiag-1.pdf
> <C:/Users/Karsten/Documents/GitHub/ThesisWriteup/FigureARTISTModDiag-2.pdf>]

Package xcolor Warning: Incompatible color definition on input line 2755.

<FigureAppliedModDiag-1.pdf, id=1707, 361.35pt x 361.35pt>
File: FigureAppliedModDiag-1.pdf Graphic file (type pdf)

<use FigureAppliedModDiag-1.pdf>
Package pdftex.def Info: FigureAppliedModDiag-1.pdf used on input line 2757.
(pdftex.def)             Requested size: 230.18253pt x 230.18251pt.

<FigureAppliedModDiag-2.pdf, id=1708, 361.35pt x 361.35pt>
File: FigureAppliedModDiag-2.pdf Graphic file (type pdf)

<use FigureAppliedModDiag-2.pdf>
Package pdftex.def Info: FigureAppliedModDiag-2.pdf used on input line 2758.
(pdftex.def)             Requested size: 230.18253pt x 230.18251pt.


LaTeX Warning: `h' float specifier changed to `ht'.


Package xcolor Warning: Incompatible color definition on input line 2770.

<Figureresiduals2-1.pdf, id=1709, 578.16pt x 230.8625pt>
File: Figureresiduals2-1.pdf Graphic file (type pdf)

<use Figureresiduals2-1.pdf>
Package pdftex.def Info: Figureresiduals2-1.pdf used on input line 2772.
(pdftex.def)             Requested size: 422.77664pt x 168.81706pt.
 [121 <C:/Users/Karsten/Documents/GitHub/ThesisWriteup/FigureresidualsARTIST-1.
pdf> <C:/Users/Karsten/Documents/GitHub/ThesisWriteup/Figureresiduals2-1.pdf>] 
[122 <C:/Users/Karsten/Documents/GitHub/ThesisWriteup/FigureAppliedModDiag-1.pd
f> <C:/Users/Karsten/Documents/GitHub/ThesisWriteup/FigureAppliedModDiag-2.pdf>
]
APPENDIX\  B.

Underfull \hbox (badness 10000) in paragraph at lines 2796--2797

 []


! LaTeX Error: Something's wrong--perhaps a missing \item.

See the LaTeX manual or LaTeX Companion for explanation.
Type  H <return>  for immediate help.
 ...                                              
                                                  
l.2799 \item I
              s this study and example of an experiment or an observational ...

Try typing  <return>  to proceed.
If that doesn't work, type  X <return>  to quit.


! LaTeX Error: Something's wrong--perhaps a missing \item.

See the LaTeX manual or LaTeX Companion for explanation.
Type  H <return>  for immediate help.
 ...                                              
                                                  
l.2799 \item I
              s this study and example of an experiment or an observational ...

Try typing  <return>  to proceed.
If that doesn't work, type  X <return>  to quit.


! LaTeX Error: Something's wrong--perhaps a missing \item.

See the LaTeX manual or LaTeX Companion for explanation.
Type  H <return>  for immediate help.
 ...                                              
                                                  
l.2799 \item I
              s this study and example of an experiment or an observational ...

Try typing  <return>  to proceed.
If that doesn't work, type  X <return>  to quit.


! LaTeX Error: Something's wrong--perhaps a missing \item.

See the LaTeX manual or LaTeX Companion for explanation.
Type  H <return>  for immediate help.
 ...                                              
                                                  
l.2800 \item	Y
              our colleague Bob claims that we are wasting our budget to get...

Try typing  <return>  to proceed.
If that doesn't work, type  X <return>  to quit.


! LaTeX Error: Something's wrong--perhaps a missing \item.

See the LaTeX manual or LaTeX Companion for explanation.
Type  H <return>  for immediate help.
 ...                                              
                                                  
l.2800 \item	Y
              our colleague Bob claims that we are wasting our budget to get...

Try typing  <return>  to proceed.
If that doesn't work, type  X <return>  to quit.


! LaTeX Error: Something's wrong--perhaps a missing \item.

See the LaTeX manual or LaTeX Companion for explanation.
Type  H <return>  for immediate help.
 ...                                              
                                                  
l.2800 \item	Y
              our colleague Bob claims that we are wasting our budget to get...

Try typing  <return>  to proceed.
If that doesn't work, type  X <return>  to quit.


! LaTeX Error: Something's wrong--perhaps a missing \item.

See the LaTeX manual or LaTeX Companion for explanation.
Type  H <return>  for immediate help.
 ...                                              
                                                  
l.2801 \item	A
              nother colleague, Jill, asks why we do not stratify by state w...

Try typing  <return>  to proceed.
If that doesn't work, type  X <return>  to quit.


! LaTeX Error: Something's wrong--perhaps a missing \item.

See the LaTeX manual or LaTeX Companion for explanation.
Type  H <return>  for immediate help.
 ...                                              
                                                  
l.2801 \item	A
              nother colleague, Jill, asks why we do not stratify by state w...

Try typing  <return>  to proceed.
If that doesn't work, type  X <return>  to quit.


! LaTeX Error: Something's wrong--perhaps a missing \item.

See the LaTeX manual or LaTeX Companion for explanation.
Type  H <return>  for immediate help.
 ...                                              
                                                  
l.2801 \item	A
              nother colleague, Jill, asks why we do not stratify by state w...

Try typing  <return>  to proceed.
If that doesn't work, type  X <return>  to quit.


! LaTeX Error: Something's wrong--perhaps a missing \item.

See the LaTeX manual or LaTeX Companion for explanation.
Type  H <return>  for immediate help.
 ...                                              
                                                  
l.2802 \end{enumerate}
                      
Try typing  <return>  to proceed.
If that doesn't work, type  X <return>  to quit.


Overfull \vbox (7.05666pt too high) has occurred while \output is active []


[123

]
Underfull \hbox (badness 10000) in paragraph at lines 2804--2805

 []


! LaTeX Error: Something's wrong--perhaps a missing \item.

See the LaTeX manual or LaTeX Companion for explanation.
Type  H <return>  for immediate help.
 ...                                              
                                                  
l.2808 \item R
              eport the 5-number summary and sample mean age.
Try typing  <return>  to proceed.
If that doesn't work, type  X <return>  to quit.


! LaTeX Error: Something's wrong--perhaps a missing \item.

See the LaTeX manual or LaTeX Companion for explanation.
Type  H <return>  for immediate help.
 ...                                              
                                                  
l.2808 \item R
              eport the 5-number summary and sample mean age.
Try typing  <return>  to proceed.
If that doesn't work, type  X <return>  to quit.


! LaTeX Error: Something's wrong--perhaps a missing \item.

See the LaTeX manual or LaTeX Companion for explanation.
Type  H <return>  for immediate help.
 ...                                              
                                                  
l.2808 \item R
              eport the 5-number summary and sample mean age.
Try typing  <return>  to proceed.
If that doesn't work, type  X <return>  to quit.


! LaTeX Error: Something's wrong--perhaps a missing \item.

See the LaTeX manual or LaTeX Companion for explanation.
Type  H <return>  for immediate help.
 ...                                              
                                                  
l.2809 \item	U
              se the 5-number summary to construct a box plot of age.
Try typing  <return>  to proceed.
If that doesn't work, type  X <return>  to quit.


! LaTeX Error: Something's wrong--perhaps a missing \item.

See the LaTeX manual or LaTeX Companion for explanation.
Type  H <return>  for immediate help.
 ...                                              
                                                  
l.2809 \item	U
              se the 5-number summary to construct a box plot of age.
Try typing  <return>  to proceed.
If that doesn't work, type  X <return>  to quit.


! LaTeX Error: Something's wrong--perhaps a missing \item.

See the LaTeX manual or LaTeX Companion for explanation.
Type  H <return>  for immediate help.
 ...                                              
                                                  
l.2809 \item	U
              se the 5-number summary to construct a box plot of age.
Try typing  <return>  to proceed.
If that doesn't work, type  X <return>  to quit.


! LaTeX Error: Something's wrong--perhaps a missing \item.

See the LaTeX manual or LaTeX Companion for explanation.
Type  H <return>  for immediate help.
 ...                                              
                                                  
l.2810 \item	G
              o to the ``Visualize'' tab.  Choose age as your Response Varia...

Try typing  <return>  to proceed.
If that doesn't work, type  X <return>  to quit.


! LaTeX Error: Something's wrong--perhaps a missing \item.

See the LaTeX manual or LaTeX Companion for explanation.
Type  H <return>  for immediate help.
 ...                                              
                                                  
l.2810 \item	G
              o to the ``Visualize'' tab.  Choose age as your Response Varia...

Try typing  <return>  to proceed.
If that doesn't work, type  X <return>  to quit.


! LaTeX Error: Something's wrong--perhaps a missing \item.

See the LaTeX manual or LaTeX Companion for explanation.
Type  H <return>  for immediate help.
 ...                                              
                                                  
l.2810 \item	G
              o to the ``Visualize'' tab.  Choose age as your Response Varia...

Try typing  <return>  to proceed.
If that doesn't work, type  X <return>  to quit.


! LaTeX Error: Something's wrong--perhaps a missing \item.

See the LaTeX manual or LaTeX Companion for explanation.
Type  H <return>  for immediate help.
 ...                                              
                                                  
l.2811 \item	I
              s the relationship between the sample mean and sample median c...

Try typing  <return>  to proceed.
If that doesn't work, type  X <return>  to quit.


! LaTeX Error: Something's wrong--perhaps a missing \item.

See the LaTeX manual or LaTeX Companion for explanation.
Type  H <return>  for immediate help.
 ...                                              
                                                  
l.2811 \item	I
              s the relationship between the sample mean and sample median c...

Try typing  <return>  to proceed.
If that doesn't work, type  X <return>  to quit.


! LaTeX Error: Something's wrong--perhaps a missing \item.

See the LaTeX manual or LaTeX Companion for explanation.
Type  H <return>  for immediate help.
 ...                                              
                                                  
l.2811 \item	I
              s the relationship between the sample mean and sample median c...

Try typing  <return>  to proceed.
If that doesn't work, type  X <return>  to quit.


! LaTeX Error: Something's wrong--perhaps a missing \item.

See the LaTeX manual or LaTeX Companion for explanation.
Type  H <return>  for immediate help.
 ...                                              
                                                  
l.2812 \item	I
              f our goal was to not only estimate the mean age of all the U....

Try typing  <return>  to proceed.
If that doesn't work, type  X <return>  to quit.


! LaTeX Error: Something's wrong--perhaps a missing \item.

See the LaTeX manual or LaTeX Companion for explanation.
Type  H <return>  for immediate help.
 ...                                              
                                                  
l.2812 \item	I
              f our goal was to not only estimate the mean age of all the U....

Try typing  <return>  to proceed.
If that doesn't work, type  X <return>  to quit.


! LaTeX Error: Something's wrong--perhaps a missing \item.

See the LaTeX manual or LaTeX Companion for explanation.
Type  H <return>  for immediate help.
 ...                                              
                                                  
l.2812 \item	I
              f our goal was to not only estimate the mean age of all the U....

Try typing  <return>  to proceed.
If that doesn't work, type  X <return>  to quit.


! LaTeX Error: Something's wrong--perhaps a missing \item.

See the LaTeX manual or LaTeX Companion for explanation.
Type  H <return>  for immediate help.
 ...                                              
                                                  
l.2813 \end{enumerate}
                      
Try typing  <return>  to proceed.
If that doesn't work, type  X <return>  to quit.


! LaTeX Error: Something's wrong--perhaps a missing \item.

See the LaTeX manual or LaTeX Companion for explanation.
Type  H <return>  for immediate help.
 ...                                              
                                                  
l.2819 \item  E
               xplain in general why collecting a stratified random sample i...

Try typing  <return>  to proceed.
If that doesn't work, type  X <return>  to quit.


! LaTeX Error: Something's wrong--perhaps a missing \item.

See the LaTeX manual or LaTeX Companion for explanation.
Type  H <return>  for immediate help.
 ...                                              
                                                  
l.2819 \item  E
               xplain in general why collecting a stratified random sample i...

Try typing  <return>  to proceed.
If that doesn't work, type  X <return>  to quit.


! LaTeX Error: Something's wrong--perhaps a missing \item.

See the LaTeX manual or LaTeX Companion for explanation.
Type  H <return>  for immediate help.
 ...                                              
                                                  
l.2819 \item  E
               xplain in general why collecting a stratified random sample i...

Try typing  <return>  to proceed.
If that doesn't work, type  X <return>  to quit.


! LaTeX Error: Something's wrong--perhaps a missing \item.

See the LaTeX manual or LaTeX Companion for explanation.
Type  H <return>  for immediate help.
 ...                                              
                                                  
l.2820 \end{enumerate}
                      
Try typing  <return>  to proceed.
If that doesn't work, type  X <return>  to quit.

[124]

! LaTeX Error: Something's wrong--perhaps a missing \item.

See the LaTeX manual or LaTeX Companion for explanation.
Type  H <return>  for immediate help.
 ...                                              
                                                  
l.2830 \item R
              eport the mean and 5-number summary for the age of the sample ...

Try typing  <return>  to proceed.
If that doesn't work, type  X <return>  to quit.


! LaTeX Error: Something's wrong--perhaps a missing \item.

See the LaTeX manual or LaTeX Companion for explanation.
Type  H <return>  for immediate help.
 ...                                              
                                                  
l.2830 \item R
              eport the mean and 5-number summary for the age of the sample ...

Try typing  <return>  to proceed.
If that doesn't work, type  X <return>  to quit.


! LaTeX Error: Something's wrong--perhaps a missing \item.

See the LaTeX manual or LaTeX Companion for explanation.
Type  H <return>  for immediate help.
 ...                                              
                                                  
l.2830 \item R
              eport the mean and 5-number summary for the age of the sample ...

Try typing  <return>  to proceed.
If that doesn't work, type  X <return>  to quit.


! LaTeX Error: Something's wrong--perhaps a missing \item.

See the LaTeX manual or LaTeX Companion for explanation.
Type  H <return>  for immediate help.
 ...                                              
                                                  
l.2831 \item	R
              eport the mean and 5-number summary for the age of the sample ...

Try typing  <return>  to proceed.
If that doesn't work, type  X <return>  to quit.


! LaTeX Error: Something's wrong--perhaps a missing \item.

See the LaTeX manual or LaTeX Companion for explanation.
Type  H <return>  for immediate help.
 ...                                              
                                                  
l.2831 \item	R
              eport the mean and 5-number summary for the age of the sample ...

Try typing  <return>  to proceed.
If that doesn't work, type  X <return>  to quit.


! LaTeX Error: Something's wrong--perhaps a missing \item.

See the LaTeX manual or LaTeX Companion for explanation.
Type  H <return>  for immediate help.
 ...                                              
                                                  
l.2831 \item	R
              eport the mean and 5-number summary for the age of the sample ...

Try typing  <return>  to proceed.
If that doesn't work, type  X <return>  to quit.


! LaTeX Error: Something's wrong--perhaps a missing \item.

See the LaTeX manual or LaTeX Companion for explanation.
Type  H <return>  for immediate help.
 ...                                              
                                                  
l.2832 \item	C
              ompare the distribution of ages in Alaska and Iowa using the v...

Try typing  <return>  to proceed.
If that doesn't work, type  X <return>  to quit.


! LaTeX Error: Something's wrong--perhaps a missing \item.

See the LaTeX manual or LaTeX Companion for explanation.
Type  H <return>  for immediate help.
 ...                                              
                                                  
l.2832 \item	C
              ompare the distribution of ages in Alaska and Iowa using the v...

Try typing  <return>  to proceed.
If that doesn't work, type  X <return>  to quit.


! LaTeX Error: Something's wrong--perhaps a missing \item.

See the LaTeX manual or LaTeX Companion for explanation.
Type  H <return>  for immediate help.
 ...                                              
                                                  
l.2832 \item	C
              ompare the distribution of ages in Alaska and Iowa using the v...

Try typing  <return>  to proceed.
If that doesn't work, type  X <return>  to quit.


! LaTeX Error: Something's wrong--perhaps a missing \item.

See the LaTeX manual or LaTeX Companion for explanation.
Type  H <return>  for immediate help.
 ...                                              
                                                  
l.2833 \item	M
              aking comparisons as we have done above would become tedious i...

Try typing  <return>  to proceed.
If that doesn't work, type  X <return>  to quit.


! LaTeX Error: Something's wrong--perhaps a missing \item.

See the LaTeX manual or LaTeX Companion for explanation.
Type  H <return>  for immediate help.
 ...                                              
                                                  
l.2833 \item	M
              aking comparisons as we have done above would become tedious i...

Try typing  <return>  to proceed.
If that doesn't work, type  X <return>  to quit.


! LaTeX Error: Something's wrong--perhaps a missing \item.

See the LaTeX manual or LaTeX Companion for explanation.
Type  H <return>  for immediate help.
 ...                                              
                                                  
l.2833 \item	M
              aking comparisons as we have done above would become tedious i...

Try typing  <return>  to proceed.
If that doesn't work, type  X <return>  to quit.


! LaTeX Error: Something's wrong--perhaps a missing \item.

See the LaTeX manual or LaTeX Companion for explanation.
Type  H <return>  for immediate help.
 ...                                              
                                                  
l.2834 \end{enumerate}
                      
Try typing  <return>  to proceed.
If that doesn't work, type  X <return>  to quit.


Package hyperref Warning: Token not allowed in a PDF string (PDFDocEncoding):
(hyperref)                removing `math shift' on input line 2851.


Package hyperref Warning: Token not allowed in a PDF string (PDFDocEncoding):
(hyperref)                removing `\alpha' on input line 2851.


Package hyperref Warning: Token not allowed in a PDF string (PDFDocEncoding):
(hyperref)                removing `math shift' on input line 2851.


Underfull \hbox (badness 10000) in paragraph at lines 2854--2855

 []

[125]
Underfull \hbox (badness 10000) in paragraph at lines 2862--2863

 []


Underfull \hbox (badness 10000) in paragraph at lines 2864--2865

 []


Underfull \hbox (badness 10000) in paragraph at lines 2866--2869

 []

[126]
APPENDIX\  C.

Package hyperref Warning: Token not allowed in a PDF string (PDFDocEncoding):
(hyperref)                removing `math shift' on input line 2900.


Package hyperref Warning: Token not allowed in a PDF string (PDFDocEncoding):
(hyperref)                removing `\alpha' on input line 2900.


Package hyperref Warning: Token not allowed in a PDF string (PDFDocEncoding):
(hyperref)                removing `subscript' on input line 2900.


Package hyperref Warning: Token not allowed in a PDF string (PDFDocEncoding):
(hyperref)                removing `math shift' on input line 2900.


Underfull \hbox (badness 10000) in paragraph at lines 2902--2903

 []


Underfull \hbox (badness 10000) in paragraph at lines 2914--2921

 []


Overfull \vbox (7.05666pt too high) has occurred while \output is active []


[127

] [128]
No file Reference/bibtex.tex.
(C:\Users\Karsten\Documents\GitHub\ThesisWriteup\thesis.bbl
Overfull \vbox (7.05666pt too high) has occurred while \output is active []


[129



] [130] [131] [132]

! Package inputenc Error: Keyboard character used is undefined
(inputenc)                in inputencoding `utf8'.

See the inputenc package documentation for explanation.
Type  H <return>  for immediate help.
 ...                                              
                                                  
l.243   connection,}
                     in \textit{Proceedings of the 29th Symposium on the Int...

You need to provide a definition with \DeclareInputText 
or \DeclareInputMath before using this key.


! Package inputenc Error: Keyboard character used is undefined
(inputenc)                in inputencoding `utf8'.

See the inputenc package documentation for explanation.
Type  H <return>  for immediate help.
 ...                                              
                                                  
l.243   connection,}
                     in \textit{Proceedings of the 29th Symposium on the Int...

You need to provide a definition with \DeclareInputText 
or \DeclareInputMath before using this key.

[133] [134] [135] [136] [137]
Underfull \hbox (badness 2368) in paragraph at lines 499--501
[]\OT1/cmr/m/n/10.95 NORC (2014), ``Gen-eral So-cial Sur-vey,'' [][]$\OT1/cmtt/
m/n/10.95 http : / / www3 . norc . org / GSS + Website/$[][]\OT1/cmr/m/n/10.95 
, ac-cessed:
 []


Underfull \hbox (badness 3557) in paragraph at lines 528--530
[]\OT1/cmr/m/n/10.95 PhET (2015), ``PhET In-ter-ac-tive Sim-u-la-tions,'' [][]$
\OT1/cmtt/m/n/10.95 https : / / phet . colorado . edu/$[][]\OT1/cmr/m/n/10.95 ,
 ac-cessed:
 []

[138] [139] [140] [141])
Package atveryend Info: Empty hook `BeforeClearDocument' on input line 2934.
 [142]
Package atveryend Info: Empty hook `AfterLastShipout' on input line 2934.

(C:\Users\Karsten\Documents\GitHub\ThesisWriteup\thesis.aux
(C:\Users\Karsten\Documents\GitHub\ThesisWriteup\Preface/titlepage.aux)
(C:\Users\Karsten\Documents\GitHub\ThesisWriteup\Preface/dedication.aux)
(C:\Users\Karsten\Documents\GitHub\ThesisWriteup\Preface/acknowl.aux)
(C:\Users\Karsten\Documents\GitHub\ThesisWriteup\Reference/bibtex.aux))
Package atveryend Info: Executing hook `AtVeryEndDocument' on input line 2934.
Package atveryend Info: Executing hook `AtEndAfterFileList' on input line 2934.

Package rerunfilecheck Info: File `thesis.out' has not changed.
(rerunfilecheck)             Checksum: D730931E932996C251D45B9A95215E51;5890.


LaTeX Warning: There were multiply-defined labels.

Package atveryend Info: Empty hook `AtVeryVeryEnd' on input line 2934.
 ) 
Here is how much of TeX's memory you used:
 10761 strings out of 494045
 161357 string characters out of 3145963
 367145 words of memory out of 3000000
 13398 multiletter control sequences out of 15000+200000
 14693 words of font info for 61 fonts, out of 3000000 for 9000
 715 hyphenation exceptions out of 8191
 44i,14n,48p,1910b,715s stack positions out of 5000i,500n,10000p,200000b,50000s
 <C:\Users\Karsten\AppData\Local\MiKTeX\2.9\fonts\pk\ljfour\public\bbm\dpi657
\bbm10.pk><C:/Program Files (x86)/MiKTeX 2.9/fonts/type1/public/amsfonts/cm/cmb
x10.pfb><C:/Program Files (x86)/MiKTeX 2.9/fonts/type1/public/amsfonts/cm/cmbx1
2.pfb><C:/Program Files (x86)/MiKTeX 2.9/fonts/type1/public/amsfonts/cm/cmbxti1
0.pfb><C:/Program Files (x86)/MiKTeX 2.9/fonts/type1/public/amsfonts/cm/cmex10.
pfb><C:/Program Files (x86)/MiKTeX 2.9/fonts/type1/public/amsfonts/cm/cmmi10.pf
b><C:/Program Files (x86)/MiKTeX 2.9/fonts/type1/public/amsfonts/cm/cmmi12.pfb>
<C:/Program Files (x86)/MiKTeX 2.9/fonts/type1/public/amsfonts/cm/cmmi6.pfb><C:
/Program Files (x86)/MiKTeX 2.9/fonts/type1/public/amsfonts/cm/cmmi8.pfb><C:/Pr
ogram Files (x86)/MiKTeX 2.9/fonts/type1/public/amsfonts/cm/cmr10.pfb><C:/Progr
am Files (x86)/MiKTeX 2.9/fonts/type1/public/amsfonts/cm/cmr6.pfb><C:/Program F
iles (x86)/MiKTeX 2.9/fonts/type1/public/amsfonts/cm/cmr8.pfb><C:/Program Files
 (x86)/MiKTeX 2.9/fonts/type1/public/amsfonts/cm/cmr9.pfb><C:/Program Files (x8
6)/MiKTeX 2.9/fonts/type1/public/amsfonts/cm/cmsy10.pfb><C:/Program Files (x86)
/MiKTeX 2.9/fonts/type1/public/amsfonts/cm/cmsy6.pfb><C:/Program Files (x86)/Mi
KTeX 2.9/fonts/type1/public/amsfonts/cm/cmsy8.pfb><C:/Program Files (x86)/MiKTe
X 2.9/fonts/type1/public/amsfonts/cm/cmti10.pfb><C:/Program Files (x86)/MiKTeX 
2.9/fonts/type1/public/amsfonts/cm/cmtt10.pfb><C:/Program Files (x86)/MiKTeX 2.
9/fonts/type1/public/amsfonts/symbols/msbm10.pfb>
Output written on thesis.pdf (153 pages, 76300216 bytes).
PDF statistics:
 2024 PDF objects out of 2073 (max. 8388607)
 345 named destinations out of 1000 (max. 500000)
 788 words of extra memory for PDF output out of 10000 (max. 10000000)

